[2026-05-06 06:00:03] ════════════════════════════════════════════════════════════════════════
[2026-05-06 06:00:03] 1/2 — CT → Odoo (modo --diff)
[2026-05-06 06:00:03] ════════════════════════════════════════════════════════════════════════
[2026-05-06 06:11:22] CT exit=0  log=/Users/ingfelipe/syscom-odoo-sync/logs/ct_diff_20260506_0600.log
[2026-05-06 06:11:23]   CT  proc= 6046 new=  44 chg= 124 unchanged= 5676 err=0
[2026-05-06 06:11:23] 
[2026-05-06 06:11:23] ════════════════════════════════════════════════════════════════════════
[2026-05-06 06:11:23] 2/3 — Ingram → Odoo (modo --diff)
[2026-05-06 06:11:23] ════════════════════════════════════════════════════════════════════════
[2026-05-06 06:11:24] Ingram exit=0  log=/Users/ingfelipe/syscom-odoo-sync/logs/ingram_diff_20260506_0600.log
[2026-05-06 06:11:24]   ING proc=10000 new= 110 chg=1367 unchanged= 8178 err=0
[2026-05-06 06:11:24] 
[2026-05-06 06:11:24] ════════════════════════════════════════════════════════════════════════
[2026-05-06 06:11:24] 3/3 — Exel del Norte → Odoo (modo --diff)
[2026-05-06 06:11:24] ════════════════════════════════════════════════════════════════════════
[2026-05-06 06:11:24] Colectando SKUs Exel + refrescando cookies (Playwright)...
[2026-05-06 07:45:07] Collect Exel exit=0
[2026-05-06 08:41:27] Exel sync exit=0  log=/Users/ingfelipe/syscom-odoo-sync/logs/exel_diff_20260506_0600.log
[2026-05-06 08:41:27]   EXE proc= 4956 new=  71 chg=   8 unchanged= 2871 err=0
[2026-05-06 08:41:27] 
[2026-05-06 08:41:27] ════════════════════════════════════════════════════════════════════════
[2026-05-06 08:41:27] Orquestador terminado
[2026-05-06 08:41:27] ════════════════════════════════════════════════════════════════════════
