[2026-05-05 06:00:02] ════════════════════════════════════════════════════════════════════════
[2026-05-05 06:00:02] 1/2 — CT → Odoo (modo --diff)
[2026-05-05 06:00:02] ════════════════════════════════════════════════════════════════════════
[2026-05-05 10:18:18] CT exit=0  log=/Users/ingfelipe/syscom-odoo-sync/logs/ct_diff_20260505_0600.log
[2026-05-05 10:18:18]   CT  proc= 5992 new=  63 chg=  89 unchanged= 5665 err=0
[2026-05-05 10:18:18] 
[2026-05-05 10:18:18] ════════════════════════════════════════════════════════════════════════
[2026-05-05 10:18:18] 2/3 — Ingram → Odoo (modo --diff)
[2026-05-05 10:18:18] ════════════════════════════════════════════════════════════════════════
[2026-05-05 10:18:19] Ingram exit=0  log=/Users/ingfelipe/syscom-odoo-sync/logs/ingram_diff_20260505_0600.log
[2026-05-05 10:18:19]   ING proc=10000 new=6130 chg=   0 unchanged=    0 err=0
[2026-05-05 10:18:19] 
[2026-05-05 10:18:19] ════════════════════════════════════════════════════════════════════════
[2026-05-05 10:18:19] 3/3 — Exel del Norte → Odoo (modo --diff)
[2026-05-05 10:18:19] ════════════════════════════════════════════════════════════════════════
[2026-05-05 10:18:19] Colectando SKUs Exel + refrescando cookies (Playwright)...
[2026-05-05 11:51:31] Collect Exel exit=0
[2026-05-05 12:44:52] Exel sync exit=0  log=/Users/ingfelipe/syscom-odoo-sync/logs/exel_diff_20260505_0600.log
[2026-05-05 12:44:52]   EXE proc= 4920 new=  47 chg=  69 unchanged= 2794 err=0
[2026-05-05 12:44:52] 
[2026-05-05 12:44:52] ════════════════════════════════════════════════════════════════════════
[2026-05-05 12:44:53] Orquestador terminado
[2026-05-05 12:44:53] ════════════════════════════════════════════════════════════════════════
