[2026-05-07 06:00:02] ════════════════════════════════════════════════════════════════════════
[2026-05-07 06:00:02] 1/2 — CT → Odoo (modo --diff)
[2026-05-07 06:00:02] ════════════════════════════════════════════════════════════════════════
[2026-05-07 07:21:37] CT exit=0  log=/Users/ingfelipe/syscom-odoo-sync/logs/ct_diff_20260507_0600.log
[2026-05-07 07:21:38]   CT  proc= 6040 new=  27 chg=2914 unchanged= 3018 err=0
[2026-05-07 07:21:38] 
[2026-05-07 07:21:38] ════════════════════════════════════════════════════════════════════════
[2026-05-07 07:21:38] 2/3 — Ingram → Odoo (modo --diff)
[2026-05-07 07:21:38] ════════════════════════════════════════════════════════════════════════
[2026-05-07 07:21:38] Ingram exit=0  log=/Users/ingfelipe/syscom-odoo-sync/logs/ingram_diff_20260507_0600.log
[2026-05-07 07:21:38]   ING proc=10000 new= 110 chg=1367 unchanged= 8178 err=0
[2026-05-07 07:21:38] 
[2026-05-07 07:21:38] ════════════════════════════════════════════════════════════════════════
[2026-05-07 07:21:38] 3/3 — Exel del Norte → Odoo (modo --diff)
[2026-05-07 07:21:38] ════════════════════════════════════════════════════════════════════════
[2026-05-07 07:21:38] Colectando SKUs Exel + refrescando cookies (Playwright)...
[2026-05-07 08:53:55] Collect Exel exit=0
[2026-05-07 10:03:21] Exel sync exit=0  log=/Users/ingfelipe/syscom-odoo-sync/logs/exel_diff_20260507_0600.log
[2026-05-07 10:03:21]   EXE proc= 4923 new=  31 chg=1157 unchanged= 1709 err=0
[2026-05-07 10:03:21] 
[2026-05-07 10:03:21] ════════════════════════════════════════════════════════════════════════
[2026-05-07 10:03:21] Orquestador terminado
[2026-05-07 10:03:21] ════════════════════════════════════════════════════════════════════════
