[10:18:27] Login con user=GDL1657XL06691
[10:18:36] Cat 1: Computo — navegando...
[10:18:47]   Pág 1: +74 (total 74)
[10:18:54]   Pág 2: +4 (total 78)
[10:19:17]   Pág 3: +0 (total 78)
[10:19:39]   Pág 4: +0 (total 78)
[10:19:39]   → Sin SKUs nuevos por 2 páginas, fin de categoría
[10:19:39]   ✓ Cat 1 (Computo): 78 SKUs únicos
[10:19:39] Cat 2: Impresion y Multifuncionales — navegando...
[10:19:45]   Pág 1: +73 (total 73)
[10:20:07]   Pág 2: +20 (total 93)
[10:20:29]   Pág 3: +20 (total 113)
[10:20:51]   Pág 4: +19 (total 132)
[10:21:15]   Pág 5: +20 (total 152)
[10:21:37]   Pág 6: +20 (total 172)
[10:21:59]   Pág 7: +20 (total 192)
[10:22:22]   Pág 8: +20 (total 212)
[10:22:44]   Pág 9: +20 (total 232)
[10:23:07]   Pág 10: +20 (total 252)
[10:23:30]   Pág 11: +19 (total 271)
[10:23:52]   Pág 12: +20 (total 291)
[10:24:15]   Pág 13: +20 (total 311)
[10:24:37]   Pág 14: +20 (total 331)
[10:25:00]   Pág 15: +20 (total 351)
[10:25:24]   Pág 16: +20 (total 371)
[10:25:46]   Pág 17: +20 (total 391)
[10:26:09]   Pág 18: +20 (total 411)
[10:26:31]   Pág 19: +20 (total 431)
[10:26:53]   Pág 20: +20 (total 451)
[10:27:15]   Pág 21: +20 (total 471)
[10:27:37]   Pág 22: +20 (total 491)
[10:28:00]   Pág 23: +20 (total 511)
[10:28:22]   Pág 24: +20 (total 531)
[10:28:44]   Pág 25: +20 (total 551)
[10:29:07]   Pág 26: +20 (total 571)
[10:29:29]   Pág 27: +20 (total 591)
[10:29:52]   Pág 28: +20 (total 611)
[10:30:14]   Pág 29: +20 (total 631)
[10:30:36]   Pág 30: +20 (total 651)
[10:30:58]   Pág 31: +20 (total 671)
[10:31:20]   Pág 32: +20 (total 691)
[10:31:42]   Pág 33: +20 (total 711)
[10:32:05]   Pág 34: +20 (total 731)
[10:32:28]   Pág 35: +20 (total 751)
[10:32:50]   Pág 36: +20 (total 771)
[10:33:12]   Pág 37: +20 (total 791)
[10:33:35]   Pág 38: +21 (total 812)
[10:34:01]   Pág 39: +20 (total 832)
[10:34:24]   Pág 40: +20 (total 852)
[10:34:46]   Pág 41: +20 (total 872)
[10:35:09]   Pág 42: +20 (total 892)
[10:35:32]   Pág 43: +20 (total 912)
[10:35:55]   Pág 44: +20 (total 932)
[10:36:17]   Pág 45: +20 (total 952)
[10:36:39]   Pág 46: +20 (total 972)
[10:37:02]   Pág 47: +20 (total 992)
[10:37:24]   Pág 48: +20 (total 1012)
[10:37:46]   Pág 49: +20 (total 1032)
[10:38:08]   Pág 50: +10 (total 1042)
[10:38:08]   → No hay botón siguiente, fin
[10:38:08]   ✓ Cat 2 (Impresion y Multifuncionales): 1042 SKUs únicos
[10:38:08] Cat 3: Consumibles — navegando...
[10:38:16]   Pág 1: +74 (total 74)
[10:38:38]   Pág 2: +18 (total 92)
[10:39:01]   Pág 3: +20 (total 112)
[10:39:23]   Pág 4: +20 (total 132)
[10:39:45]   Pág 5: +20 (total 152)
[10:40:07]   Pág 6: +20 (total 172)
[10:40:29]   Pág 7: +20 (total 192)
[10:40:51]   Pág 8: +19 (total 211)
[10:41:14]   Pág 9: +20 (total 231)
[10:41:36]   Pág 10: +20 (total 251)
[10:41:58]   Pág 11: +20 (total 271)
[10:42:22]   Pág 12: +20 (total 291)
[10:42:44]   Pág 13: +20 (total 311)
[10:43:06]   Pág 14: +20 (total 331)
[10:43:28]   Pág 15: +20 (total 351)
[10:43:51]   Pág 16: +20 (total 371)
[10:44:14]   Pág 17: +20 (total 391)
[10:44:36]   Pág 18: +20 (total 411)
[10:44:59]   Pág 19: +20 (total 431)
[10:45:23]   Pág 20: +20 (total 451)
[10:45:45]   Pág 21: +20 (total 471)
[10:46:07]   Pág 22: +20 (total 491)
[10:46:29]   Pág 23: +20 (total 511)
[10:46:53]   Pág 24: +20 (total 531)
[10:47:16]   Pág 25: +20 (total 551)
[10:47:38]   Pág 26: +20 (total 571)
[10:48:00]   Pág 27: +20 (total 591)
[10:48:22]   Pág 28: +20 (total 611)
[10:48:44]   Pág 29: +20 (total 631)
[10:49:06]   Pág 30: +20 (total 651)
[10:49:30]   Pág 31: +20 (total 671)
[10:49:52]   Pág 32: +20 (total 691)
[10:50:14]   Pág 33: +20 (total 711)
[10:50:36]   Pág 34: +20 (total 731)
[10:50:59]   Pág 35: +20 (total 751)
[10:51:22]   Pág 36: +20 (total 771)
[10:51:44]   Pág 37: +20 (total 791)
[10:52:06]   Pág 38: +20 (total 811)
[10:52:29]   Pág 39: +20 (total 831)
[10:52:52]   Pág 40: +20 (total 851)
[10:53:15]   Pág 41: +20 (total 871)
[10:53:37]   Pág 42: +20 (total 891)
[10:54:00]   Pág 43: +20 (total 911)
[10:54:22]   Pág 44: +20 (total 931)
[10:54:45]   Pág 45: +20 (total 951)
[10:55:09]   Pág 46: +20 (total 971)
[10:55:32]   Pág 47: +20 (total 991)
[10:55:55]   Pág 48: +20 (total 1011)
[10:56:17]   Pág 49: +20 (total 1031)
[10:56:40]   Pág 50: +20 (total 1051)
[10:57:02]   Pág 51: +20 (total 1071)
[10:57:24]   Pág 52: +20 (total 1091)
[10:57:46]   Pág 53: +20 (total 1111)
[10:58:08]   Pág 54: +20 (total 1131)
[10:58:30]   Pág 55: +20 (total 1151)
[10:58:53]   Pág 56: +20 (total 1171)
[10:59:15]   Pág 57: +20 (total 1191)
[10:59:37]   Pág 58: +20 (total 1211)
[11:00:00]   Pág 59: +20 (total 1231)
[11:00:22]   Pág 60: +20 (total 1251)
[11:00:44]   Pág 61: +20 (total 1271)
[11:01:06]   Pág 62: +20 (total 1291)
[11:01:29]   Pág 63: +20 (total 1311)
[11:01:51]   Pág 64: +20 (total 1331)
[11:02:13]   Pág 65: +20 (total 1351)
[11:02:35]   Pág 66: +20 (total 1371)
[11:02:57]   Pág 67: +20 (total 1391)
[11:03:20]   Pág 68: +20 (total 1411)
[11:03:42]   Pág 69: +20 (total 1431)
[11:04:04]   Pág 70: +20 (total 1451)
[11:04:26]   Pág 71: +20 (total 1471)
[11:04:48]   Pág 72: +20 (total 1491)
[11:05:11]   Pág 73: +20 (total 1511)
[11:05:33]   Pág 74: +20 (total 1531)
[11:05:56]   Pág 75: +20 (total 1551)
[11:06:20]   Pág 76: +20 (total 1571)
[11:06:43]   Pág 77: +20 (total 1591)
[11:07:05]   Pág 78: +20 (total 1611)
[11:07:27]   Pág 79: +20 (total 1631)
[11:07:50]   Pág 80: +20 (total 1651)
[11:08:12]   Pág 81: +20 (total 1671)
[11:08:34]   Pág 82: +20 (total 1691)
[11:08:57]   Pág 83: +20 (total 1711)
[11:09:19]   Pág 84: +20 (total 1731)
[11:09:41]   Pág 85: +20 (total 1751)
[11:10:04]   Pág 86: +20 (total 1771)
[11:10:26]   Pág 87: +20 (total 1791)
[11:10:50]   Pág 88: +20 (total 1811)
[11:11:12]   Pág 89: +20 (total 1831)
[11:11:34]   Pág 90: +20 (total 1851)
[11:11:56]   Pág 91: +20 (total 1871)
[11:12:19]   Pág 92: +20 (total 1891)
[11:12:41]   Pág 93: +20 (total 1911)
[11:13:03]   Pág 94: +20 (total 1931)
[11:13:25]   Pág 95: +20 (total 1951)
[11:13:48]   Pág 96: +20 (total 1971)
[11:14:10]   Pág 97: +20 (total 1991)
[11:14:32]   Pág 98: +20 (total 2011)
[11:14:55]   Pág 99: +20 (total 2031)
[11:15:17]   Pág 100: +20 (total 2051)
[11:15:40]   ✓ Cat 3 (Consumibles): 2051 SKUs únicos
[11:15:40] Cat 4: Almacenamiento — navegando...
[11:15:45]   Pág 1: +73 (total 73)
[11:15:51]   Pág 2: +3 (total 76)
[11:15:51]   → No hay botón siguiente, fin
[11:15:51]   ✓ Cat 4 (Almacenamiento): 76 SKUs únicos
[11:15:51] Cat 5: Electronica de Consumo — navegando...
[11:15:56]   Pág 1: +73 (total 73)
[11:16:01]   Pág 2: +4 (total 77)
[11:16:23]   Pág 3: +0 (total 77)
[11:16:45]   Pág 4: +0 (total 77)
[11:16:45]   → Sin SKUs nuevos por 2 páginas, fin de categoría
[11:16:45]   ✓ Cat 5 (Electronica de Consumo): 77 SKUs únicos
[11:16:45] Cat 6: Camara Video y Proyeccion — navegando...
[11:16:51]   Pág 1: +73 (total 73)
[11:17:13]   Pág 2: +19 (total 92)
[11:17:35]   Pág 3: +20 (total 112)
[11:17:57]   Pág 4: +20 (total 132)
[11:18:19]   Pág 5: +20 (total 152)
[11:18:41]   Pág 6: +20 (total 172)
[11:19:03]   Pág 7: +20 (total 192)
[11:19:25]   Pág 8: +20 (total 212)
[11:19:48]   Pág 9: +20 (total 232)
[11:20:10]   Pág 10: +20 (total 252)
[11:20:32]   Pág 11: +19 (total 271)
[11:20:54]   Pág 12: +9 (total 280)
[11:20:54]   → No hay botón siguiente, fin
[11:20:54]   ✓ Cat 6 (Camara Video y Proyeccion): 280 SKUs únicos
[11:20:54] Cat 7: Audio y Entretenimiento — navegando...
[11:20:58]   Pág 1: +54 (total 54)
[11:20:58]   → No hay botón siguiente, fin
[11:20:58]   ✓ Cat 7 (Audio y Entretenimiento): 54 SKUs únicos
[11:20:58] Cat 8: Redes — navegando...
[11:21:04]   Pág 1: +73 (total 73)
[11:21:09]   Pág 2: +4 (total 77)
[11:21:31]   Pág 3: +0 (total 77)
[11:21:53]   Pág 4: +0 (total 77)
[11:21:53]   → Sin SKUs nuevos por 2 páginas, fin de categoría
[11:21:53]   ✓ Cat 8 (Redes): 77 SKUs únicos
[11:21:53] Cat 9: Software y Garantias — navegando...
[11:21:59]   Pág 1: +74 (total 74)
[11:22:21]   Pág 2: +20 (total 94)
[11:22:43]   Pág 3: +20 (total 114)
[11:23:05]   Pág 4: +20 (total 134)
[11:23:27]   Pág 5: +19 (total 153)
[11:23:49]   Pág 6: +20 (total 173)
[11:24:11]   Pág 7: +20 (total 193)
[11:24:34]   Pág 8: +20 (total 213)
[11:24:56]   Pág 9: +19 (total 232)
[11:25:18]   Pág 10: +20 (total 252)
[11:25:40]   Pág 11: +20 (total 272)
[11:26:02]   Pág 12: +20 (total 292)
[11:26:24]   Pág 13: +20 (total 312)
[11:26:47]   Pág 14: +20 (total 332)
[11:27:09]   Pág 15: +20 (total 352)
[11:27:31]   Pág 16: +20 (total 372)
[11:27:53]   Pág 17: +20 (total 392)
[11:28:15]   Pág 18: +20 (total 412)
[11:28:37]   Pág 19: +20 (total 432)
[11:29:00]   Pág 20: +20 (total 452)
[11:29:22]   Pág 21: +20 (total 472)
[11:29:44]   Pág 22: +20 (total 492)
[11:30:06]   Pág 23: +20 (total 512)
[11:30:28]   Pág 24: +20 (total 532)
[11:30:50]   Pág 25: +20 (total 552)
[11:31:12]   Pág 26: +20 (total 572)
[11:31:35]   Pág 27: +20 (total 592)
[11:31:57]   Pág 28: +20 (total 612)
[11:32:19]   Pág 29: +20 (total 632)
[11:32:41]   Pág 30: +12 (total 644)
[11:32:41]   → No hay botón siguiente, fin
[11:32:41]   ✓ Cat 9 (Software y Garantias): 644 SKUs únicos
[11:32:41] Cat 10: Energia y Cables — navegando...
[11:32:46]   Pág 1: +74 (total 74)
[11:32:51]   Pág 2: +4 (total 78)
[11:32:51]   → No hay botón siguiente, fin
[11:32:51]   ✓ Cat 10 (Energia y Cables): 78 SKUs únicos
[11:32:51] Cat 11: Telefonia — navegando...
[11:32:59]   Pág 1: +73 (total 73)
[11:33:21]   Pág 2: +0 (total 73)
[11:33:44]   Pág 3: +0 (total 73)
[11:33:44]   → Sin SKUs nuevos por 2 páginas, fin de categoría
[11:33:44]   ✓ Cat 11 (Telefonia): 73 SKUs únicos
[11:33:44] Cat 12: Servidores y Almacenamiento — navegando...
[11:33:48]   Pág 1: +54 (total 54)
[11:33:48]   → No hay botón siguiente, fin
[11:33:48]   ✓ Cat 12 (Servidores y Almacenamiento): 54 SKUs únicos
[11:33:48] Cat 13: Papel — navegando...
[11:33:52]   Pág 1: +54 (total 54)
[11:33:52]   → No hay botón siguiente, fin
[11:33:52]   ✓ Cat 13 (Papel): 54 SKUs únicos
[11:33:52] Cat 14: Oficina y Escolar — navegando...
[11:33:57]   Pág 1: +74 (total 74)
[11:34:19]   Pág 2: +20 (total 94)
[11:34:41]   Pág 3: +20 (total 114)
[11:35:03]   Pág 4: +20 (total 134)
[11:35:25]   Pág 5: +19 (total 153)
[11:35:47]   Pág 6: +20 (total 173)
[11:36:09]   Pág 7: +20 (total 193)
[11:36:32]   Pág 8: +20 (total 213)
[11:36:54]   Pág 9: +20 (total 233)
[11:37:16]   Pág 10: +20 (total 253)
[11:37:38]   Pág 11: +20 (total 273)
[11:38:00]   Pág 12: +20 (total 293)
[11:38:22]   Pág 13: +20 (total 313)
[11:38:44]   Pág 14: +20 (total 333)
[11:39:06]   Pág 15: +20 (total 353)
[11:39:28]   Pág 16: +20 (total 373)
[11:39:51]   Pág 17: +20 (total 393)
[11:40:13]   Pág 18: +20 (total 413)
[11:40:35]   Pág 19: +20 (total 433)
[11:40:57]   Pág 20: +19 (total 452)
[11:41:19]   Pág 21: +20 (total 472)
[11:41:41]   Pág 22: +20 (total 492)
[11:42:03]   Pág 23: +20 (total 512)
[11:42:25]   Pág 24: +20 (total 532)
[11:42:47]   Pág 25: +20 (total 552)
[11:43:10]   Pág 26: +20 (total 572)
[11:43:32]   Pág 27: +20 (total 592)
[11:43:54]   Pág 28: +3 (total 595)
[11:43:54]   → No hay botón siguiente, fin
[11:43:54]   ✓ Cat 14 (Oficina y Escolar): 595 SKUs únicos
[11:43:54] Cat 15: Puntos de Venta — navegando...
[11:43:59]   Pág 1: +73 (total 73)
[11:44:21]   Pág 2: +20 (total 93)
[11:44:43]   Pág 3: +20 (total 113)
[11:45:05]   Pág 4: +20 (total 133)
[11:45:27]   Pág 5: +20 (total 153)
[11:45:49]   Pág 6: +20 (total 173)
[11:46:11]   Pág 7: +20 (total 193)
[11:46:33]   Pág 8: +20 (total 213)
[11:46:56]   Pág 9: +20 (total 233)
[11:47:18]   Pág 10: +20 (total 253)
[11:47:40]   Pág 11: +20 (total 273)
[11:48:02]   Pág 12: +20 (total 293)
[11:48:24]   Pág 13: +20 (total 313)
[11:48:46]   Pág 14: +20 (total 333)
[11:49:08]   Pág 15: +20 (total 353)
[11:49:30]   Pág 16: +20 (total 373)
[11:49:52]   Pág 17: +19 (total 392)
[11:50:15]   Pág 18: +20 (total 412)
[11:50:37]   Pág 19: +9 (total 421)
[11:50:37]   → No hay botón siguiente, fin
[11:50:37]   ✓ Cat 15 (Puntos de Venta): 421 SKUs únicos
[11:50:37] Cat 16: Videovigilancia — navegando...
[11:50:42]   Pág 1: +73 (total 73)
[11:50:47]   Pág 2: +3 (total 76)
[11:51:09]   Pág 3: +0 (total 76)
[11:51:31]   Pág 4: +0 (total 76)
[11:51:31]   → Sin SKUs nuevos por 2 páginas, fin de categoría
[11:51:31]   ✓ Cat 16 (Videovigilancia): 76 SKUs únicos
[11:51:31] 
============================================================
[11:51:31] RESUMEN COLECTOR
[11:51:31]   Cat  1 Computo                       :    78 SKUs
[11:51:31]   Cat  2 Impresion y Multifuncionales  :  1042 SKUs
[11:51:31]   Cat  3 Consumibles                   :  2051 SKUs
[11:51:31]   Cat  4 Almacenamiento                :    76 SKUs
[11:51:31]   Cat  5 Electronica de Consumo        :    77 SKUs
[11:51:31]   Cat  6 Camara Video y Proyeccion     :   280 SKUs
[11:51:31]   Cat  7 Audio y Entretenimiento       :    54 SKUs
[11:51:31]   Cat  8 Redes                         :    77 SKUs
[11:51:31]   Cat  9 Software y Garantias          :   644 SKUs
[11:51:31]   Cat 10 Energia y Cables              :    78 SKUs
[11:51:31]   Cat 11 Telefonia                     :    73 SKUs
[11:51:31]   Cat 12 Servidores y Almacenamiento   :    54 SKUs
[11:51:31]   Cat 13 Papel                         :    54 SKUs
[11:51:31]   Cat 14 Oficina y Escolar             :   595 SKUs
[11:51:31]   Cat 15 Puntos de Venta               :   421 SKUs
[11:51:31]   Cat 16 Videovigilancia               :    76 SKUs
[11:51:31]   TOTAL únicos: 4920
[11:51:31]   Archivo: /Users/ingfelipe/syscom-odoo-sync/.exel_skus.json
[11:51:31] ============================================================
