[13:52:51] Login con user=GDL1657XL06691
[13:52:58] Cat 1: Computo — navegando...
[13:53:06]   Pág 1: +74 (total 74)
[13:53:11]   Pág 2: +4 (total 78)
[13:53:34]   Pág 3: +0 (total 78)
[13:53:56]   Pág 4: +0 (total 78)
[13:53:56]   → Sin SKUs nuevos por 2 páginas, fin de categoría
[13:53:56]   ✓ Cat 1 (Computo): 78 SKUs únicos
[13:53:56] Cat 2: Impresion y Multifuncionales — navegando...
[13:54:02]   Pág 1: +73 (total 73)
[13:54:24]   Pág 2: +20 (total 93)
[13:54:46]   Pág 3: +20 (total 113)
[13:55:08]   Pág 4: +19 (total 132)
[13:55:30]   Pág 5: +20 (total 152)
[13:55:52]   Pág 6: +20 (total 172)
[13:56:14]   Pág 7: +20 (total 192)
[13:56:36]   Pág 8: +20 (total 212)
[13:56:58]   Pág 9: +20 (total 232)
[13:57:20]   Pág 10: +20 (total 252)
[13:57:42]   Pág 11: +19 (total 271)
[13:58:04]   Pág 12: +20 (total 291)
[13:58:26]   Pág 13: +20 (total 311)
[13:58:48]   Pág 14: +20 (total 331)
[13:59:10]   Pág 15: +20 (total 351)
[13:59:32]   Pág 16: +20 (total 371)
[13:59:54]   Pág 17: +20 (total 391)
[14:00:16]   Pág 18: +20 (total 411)
[14:00:39]   Pág 19: +20 (total 431)
[14:01:01]   Pág 20: +20 (total 451)
[14:01:23]   Pág 21: +20 (total 471)
[14:01:45]   Pág 22: +20 (total 491)
[14:02:07]   Pág 23: +20 (total 511)
[14:02:29]   Pág 24: +20 (total 531)
[14:02:51]   Pág 25: +20 (total 551)
[14:03:13]   Pág 26: +20 (total 571)
[14:03:35]   Pág 27: +20 (total 591)
[14:03:57]   Pág 28: +20 (total 611)
[14:04:19]   Pág 29: +20 (total 631)
[14:04:41]   Pág 30: +20 (total 651)
[14:05:03]   Pág 31: +20 (total 671)
[14:05:25]   Pág 32: +21 (total 692)
[14:05:48]   Pág 33: +20 (total 712)
[14:06:10]   Pág 34: +20 (total 732)
[14:06:32]   Pág 35: +20 (total 752)
[14:06:54]   Pág 36: +20 (total 772)
[14:07:16]   Pág 37: +20 (total 792)
[14:07:38]   Pág 38: +20 (total 812)
[14:08:00]   Pág 39: +20 (total 832)
[14:08:22]   Pág 40: +20 (total 852)
[14:08:44]   Pág 41: +20 (total 872)
[14:09:06]   Pág 42: +20 (total 892)
[14:09:29]   Pág 43: +20 (total 912)
[14:09:51]   Pág 44: +20 (total 932)
[14:10:13]   Pág 45: +20 (total 952)
[14:10:35]   Pág 46: +20 (total 972)
[14:10:57]   Pág 47: +20 (total 992)
[14:11:19]   Pág 48: +20 (total 1012)
[14:11:41]   Pág 49: +20 (total 1032)
[14:12:03]   Pág 50: +10 (total 1042)
[14:12:03]   → No hay botón siguiente, fin
[14:12:03]   ✓ Cat 2 (Impresion y Multifuncionales): 1042 SKUs únicos
[14:12:03] Cat 3: Consumibles — navegando...
[14:12:12]   Pág 1: +74 (total 74)
[14:12:34]   Pág 2: +18 (total 92)
[14:12:56]   Pág 3: +20 (total 112)
[14:13:18]   Pág 4: +20 (total 132)
[14:13:40]   Pág 5: +20 (total 152)
[14:14:02]   Pág 6: +20 (total 172)
[14:14:24]   Pág 7: +20 (total 192)
[14:14:46]   Pág 8: +19 (total 211)
[14:15:08]   Pág 9: +20 (total 231)
[14:15:30]   Pág 10: +20 (total 251)
[14:15:52]   Pág 11: +20 (total 271)
[14:16:15]   Pág 12: +20 (total 291)
[14:16:37]   Pág 13: +20 (total 311)
[14:16:59]   Pág 14: +20 (total 331)
[14:17:21]   Pág 15: +20 (total 351)
[14:17:43]   Pág 16: +20 (total 371)
[14:18:05]   Pág 17: +20 (total 391)
[14:18:27]   Pág 18: +20 (total 411)
[14:18:49]   Pág 19: +20 (total 431)
[14:19:11]   Pág 20: +20 (total 451)
[14:19:33]   Pág 21: +20 (total 471)
[14:19:55]   Pág 22: +20 (total 491)
[14:20:17]   Pág 23: +20 (total 511)
[14:20:39]   Pág 24: +20 (total 531)
[14:21:01]   Pág 25: +20 (total 551)
[14:21:23]   Pág 26: +20 (total 571)
[14:21:45]   Pág 27: +20 (total 591)
[14:22:07]   Pág 28: +20 (total 611)
[14:22:29]   Pág 29: +20 (total 631)
[14:22:51]   Pág 30: +20 (total 651)
[14:23:14]   Pág 31: +20 (total 671)
[14:23:36]   Pág 32: +20 (total 691)
[14:23:58]   Pág 33: +20 (total 711)
[14:24:20]   Pág 34: +20 (total 731)
[14:24:42]   Pág 35: +20 (total 751)
[14:25:04]   Pág 36: +20 (total 771)
[14:25:26]   Pág 37: +20 (total 791)
[14:25:48]   Pág 38: +20 (total 811)
[14:26:11]   Pág 39: +20 (total 831)
[14:26:33]   Pág 40: +20 (total 851)
[14:26:55]   Pág 41: +20 (total 871)
[14:27:17]   Pág 42: +20 (total 891)
[14:27:39]   Pág 43: +20 (total 911)
[14:28:01]   Pág 44: +20 (total 931)
[14:28:23]   Pág 45: +20 (total 951)
[14:28:45]   Pág 46: +20 (total 971)
[14:29:07]   Pág 47: +20 (total 991)
[14:29:29]   Pág 48: +20 (total 1011)
[14:29:52]   Pág 49: +20 (total 1031)
[14:30:14]   Pág 50: +20 (total 1051)
[14:30:36]   Pág 51: +20 (total 1071)
[14:30:58]   Pág 52: +20 (total 1091)
[14:31:20]   Pág 53: +20 (total 1111)
[14:31:42]   Pág 54: +20 (total 1131)
[14:32:04]   Pág 55: +20 (total 1151)
[14:32:26]   Pág 56: +20 (total 1171)
[14:32:49]   Pág 57: +20 (total 1191)
[14:33:11]   Pág 58: +20 (total 1211)
[14:33:33]   Pág 59: +20 (total 1231)
[14:33:55]   Pág 60: +20 (total 1251)
[14:34:17]   Pág 61: +20 (total 1271)
[14:34:39]   Pág 62: +20 (total 1291)
[14:35:01]   Pág 63: +20 (total 1311)
[14:35:24]   Pág 64: +20 (total 1331)
[14:35:46]   Pág 65: +20 (total 1351)
[14:36:08]   Pág 66: +20 (total 1371)
[14:36:30]   Pág 67: +20 (total 1391)
[14:36:52]   Pág 68: +20 (total 1411)
[14:37:14]   Pág 69: +20 (total 1431)
[14:37:37]   Pág 70: +20 (total 1451)
[14:37:59]   Pág 71: +20 (total 1471)
[14:38:21]   Pág 72: +20 (total 1491)
[14:38:43]   Pág 73: +20 (total 1511)
[14:39:05]   Pág 74: +20 (total 1531)
[14:39:28]   Pág 75: +20 (total 1551)
[14:39:50]   Pág 76: +20 (total 1571)
[14:40:12]   Pág 77: +20 (total 1591)
[14:40:34]   Pág 78: +20 (total 1611)
[14:40:56]   Pág 79: +20 (total 1631)
[14:41:18]   Pág 80: +20 (total 1651)
[14:41:41]   Pág 81: +20 (total 1671)
[14:42:03]   Pág 82: +20 (total 1691)
[14:42:25]   Pág 83: +20 (total 1711)
[14:42:47]   Pág 84: +20 (total 1731)
[14:43:09]   Pág 85: +20 (total 1751)
[14:43:31]   Pág 86: +20 (total 1771)
[14:43:53]   Pág 87: +20 (total 1791)
[14:44:16]   Pág 88: +20 (total 1811)
[14:44:38]   Pág 89: +20 (total 1831)
[14:45:00]   Pág 90: +20 (total 1851)
[14:45:22]   Pág 91: +20 (total 1871)
[14:45:44]   Pág 92: +20 (total 1891)
[14:46:07]   Pág 93: +20 (total 1911)
[14:46:29]   Pág 94: +20 (total 1931)
[14:46:51]   Pág 95: +20 (total 1951)
[14:47:13]   Pág 96: +20 (total 1971)
[14:47:35]   Pág 97: +20 (total 1991)
[14:47:57]   Pág 98: +20 (total 2011)
[14:48:20]   Pág 99: +20 (total 2031)
[14:48:42]   Pág 100: +20 (total 2051)
[14:49:04]   ✓ Cat 3 (Consumibles): 2051 SKUs únicos
[14:49:04] Cat 4: Almacenamiento — navegando...
[14:49:09]   Pág 1: +73 (total 73)
[14:49:14]   Pág 2: +4 (total 77)
[14:49:14]   → No hay botón siguiente, fin
[14:49:14]   ✓ Cat 4 (Almacenamiento): 77 SKUs únicos
[14:49:14] Cat 5: Electronica de Consumo — navegando...
[14:49:19]   Pág 1: +73 (total 73)
[14:49:24]   Pág 2: +3 (total 76)
[14:49:46]   Pág 3: +0 (total 76)
[14:50:08]   Pág 4: +0 (total 76)
[14:50:08]   → Sin SKUs nuevos por 2 páginas, fin de categoría
[14:50:08]   ✓ Cat 5 (Electronica de Consumo): 76 SKUs únicos
[14:50:08] Cat 6: Camara Video y Proyeccion — navegando...
[14:50:13]   Pág 1: +73 (total 73)
[14:50:35]   Pág 2: +19 (total 92)
[14:50:57]   Pág 3: +20 (total 112)
[14:51:19]   Pág 4: +20 (total 132)
[14:51:41]   Pág 5: +20 (total 152)
[14:52:03]   Pág 6: +20 (total 172)
[14:52:25]   Pág 7: +20 (total 192)
[14:52:47]   Pág 8: +20 (total 212)
[14:53:09]   Pág 9: +20 (total 232)
[14:53:31]   Pág 10: +20 (total 252)
[14:53:53]   Pág 11: +19 (total 271)
[14:54:15]   Pág 12: +9 (total 280)
[14:54:15]   → No hay botón siguiente, fin
[14:54:15]   ✓ Cat 6 (Camara Video y Proyeccion): 280 SKUs únicos
[14:54:15] Cat 7: Audio y Entretenimiento — navegando...
[14:54:19]   Pág 1: +54 (total 54)
[14:54:19]   → No hay botón siguiente, fin
[14:54:19]   ✓ Cat 7 (Audio y Entretenimiento): 54 SKUs únicos
[14:54:19] Cat 8: Redes — navegando...
[14:54:24]   Pág 1: +73 (total 73)
[14:54:32]   Pág 2: +4 (total 77)
[14:54:54]   Pág 3: +0 (total 77)
[14:55:16]   Pág 4: +0 (total 77)
[14:55:16]   → Sin SKUs nuevos por 2 páginas, fin de categoría
[14:55:16]   ✓ Cat 8 (Redes): 77 SKUs únicos
[14:55:16] Cat 9: Software y Garantias — navegando...
[14:55:21]   Pág 1: +74 (total 74)
[14:55:43]   Pág 2: +20 (total 94)
[14:56:05]   Pág 3: +20 (total 114)
[14:56:28]   Pág 4: +20 (total 134)
[14:56:50]   Pág 5: +19 (total 153)
[14:57:12]   Pág 6: +20 (total 173)
[14:57:34]   Pág 7: +20 (total 193)
[14:57:56]   Pág 8: +20 (total 213)
[14:58:18]   Pág 9: +20 (total 233)
[14:58:40]   Pág 10: +19 (total 252)
[14:59:02]   Pág 11: +20 (total 272)
[14:59:24]   Pág 12: +20 (total 292)
[14:59:46]   Pág 13: +20 (total 312)
[15:00:08]   Pág 14: +20 (total 332)
[15:00:30]   Pág 15: +20 (total 352)
[15:00:52]   Pág 16: +20 (total 372)
[15:01:14]   Pág 17: +20 (total 392)
[15:01:36]   Pág 18: +20 (total 412)
[15:01:58]   Pág 19: +20 (total 432)
[15:02:20]   Pág 20: +20 (total 452)
[15:02:42]   Pág 21: +20 (total 472)
[15:03:04]   Pág 22: +20 (total 492)
[15:03:26]   Pág 23: +20 (total 512)
[15:03:49]   Pág 24: +20 (total 532)
[15:04:11]   Pág 25: +20 (total 552)
[15:04:33]   Pág 26: +20 (total 572)
[15:04:55]   Pág 27: +20 (total 592)
[15:05:17]   Pág 28: +20 (total 612)
[15:05:39]   Pág 29: +20 (total 632)
[15:06:01]   Pág 30: +12 (total 644)
[15:06:01]   → No hay botón siguiente, fin
[15:06:01]   ✓ Cat 9 (Software y Garantias): 644 SKUs únicos
[15:06:01] Cat 10: Energia y Cables — navegando...
[15:06:07]   Pág 1: +74 (total 74)
[15:06:12]   Pág 2: +4 (total 78)
[15:06:12]   → No hay botón siguiente, fin
[15:06:12]   ✓ Cat 10 (Energia y Cables): 78 SKUs únicos
[15:06:12] Cat 11: Telefonia — navegando...
[15:06:18]   Pág 1: +74 (total 74)
[15:06:40]   Pág 2: +0 (total 74)
[15:07:02]   Pág 3: +0 (total 74)
[15:07:02]   → Sin SKUs nuevos por 2 páginas, fin de categoría
[15:07:02]   ✓ Cat 11 (Telefonia): 74 SKUs únicos
[15:07:02] Cat 12: Servidores y Almacenamiento — navegando...
[15:07:06]   Pág 1: +54 (total 54)
[15:07:06]   → No hay botón siguiente, fin
[15:07:06]   ✓ Cat 12 (Servidores y Almacenamiento): 54 SKUs únicos
[15:07:06] Cat 13: Papel — navegando...
[15:07:10]   Pág 1: +54 (total 54)
[15:07:10]   → No hay botón siguiente, fin
[15:07:10]   ✓ Cat 13 (Papel): 54 SKUs únicos
[15:07:10] Cat 14: Oficina y Escolar — navegando...
[15:07:17]   Pág 1: +74 (total 74)
[15:07:39]   Pág 2: +20 (total 94)
[15:08:01]   Pág 3: +20 (total 114)
[15:08:23]   Pág 4: +20 (total 134)
[15:08:45]   Pág 5: +19 (total 153)
[15:09:07]   Pág 6: +20 (total 173)
[15:09:29]   Pág 7: +20 (total 193)
[15:09:51]   Pág 8: +20 (total 213)
[15:10:13]   Pág 9: +20 (total 233)
[15:10:35]   Pág 10: +20 (total 253)
[15:10:57]   Pág 11: +20 (total 273)
[15:11:19]   Pág 12: +20 (total 293)
[15:11:41]   Pág 13: +20 (total 313)
[15:12:03]   Pág 14: +20 (total 333)
[15:12:25]   Pág 15: +19 (total 352)
[15:12:47]   Pág 16: +20 (total 372)
[15:13:09]   Pág 17: +20 (total 392)
[15:13:31]   Pág 18: +20 (total 412)
[15:13:53]   Pág 19: +20 (total 432)
[15:14:15]   Pág 20: +20 (total 452)
[15:14:38]   Pág 21: +20 (total 472)
[15:15:00]   Pág 22: +20 (total 492)
[15:15:22]   Pág 23: +20 (total 512)
[15:15:44]   Pág 24: +20 (total 532)
[15:16:06]   Pág 25: +20 (total 552)
[15:16:28]   Pág 26: +20 (total 572)
[15:16:50]   Pág 27: +20 (total 592)
[15:17:12]   Pág 28: +3 (total 595)
[15:17:12]   → No hay botón siguiente, fin
[15:17:12]   ✓ Cat 14 (Oficina y Escolar): 595 SKUs únicos
[15:17:12] Cat 15: Puntos de Venta — navegando...
[15:17:16]   Pág 1: +73 (total 73)
[15:17:38]   Pág 2: +20 (total 93)
[15:18:00]   Pág 3: +20 (total 113)
[15:18:22]   Pág 4: +20 (total 133)
[15:18:44]   Pág 5: +20 (total 153)
[15:19:06]   Pág 6: +20 (total 173)
[15:19:29]   Pág 7: +20 (total 193)
[15:19:51]   Pág 8: +20 (total 213)
[15:20:13]   Pág 9: +20 (total 233)
[15:20:35]   Pág 10: +20 (total 253)
[15:20:57]   Pág 11: +20 (total 273)
[15:21:19]   Pág 12: +20 (total 293)
[15:21:41]   Pág 13: +20 (total 313)
[15:22:03]   Pág 14: +20 (total 333)
[15:22:25]   Pág 15: +20 (total 353)
[15:22:47]   Pág 16: +20 (total 373)
[15:23:09]   Pág 17: +20 (total 393)
[15:23:31]   Pág 18: +19 (total 412)
[15:23:53]   Pág 19: +9 (total 421)
[15:23:53]   → No hay botón siguiente, fin
[15:23:53]   ✓ Cat 15 (Puntos de Venta): 421 SKUs únicos
[15:23:53] Cat 16: Videovigilancia — navegando...
[15:23:58]   Pág 1: +73 (total 73)
[15:24:03]   Pág 2: +1 (total 74)
[15:24:25]   Pág 3: +0 (total 74)
[15:24:47]   Pág 4: +0 (total 74)
[15:24:47]   → Sin SKUs nuevos por 2 páginas, fin de categoría
[15:24:47]   ✓ Cat 16 (Videovigilancia): 74 SKUs únicos
[15:24:48] 
============================================================
[15:24:48] RESUMEN COLECTOR
[15:24:48]   Cat  1 Computo                       :    78 SKUs
[15:24:48]   Cat  2 Impresion y Multifuncionales  :  1042 SKUs
[15:24:48]   Cat  3 Consumibles                   :  2051 SKUs
[15:24:48]   Cat  4 Almacenamiento                :    77 SKUs
[15:24:48]   Cat  5 Electronica de Consumo        :    76 SKUs
[15:24:48]   Cat  6 Camara Video y Proyeccion     :   280 SKUs
[15:24:48]   Cat  7 Audio y Entretenimiento       :    54 SKUs
[15:24:48]   Cat  8 Redes                         :    77 SKUs
[15:24:48]   Cat  9 Software y Garantias          :   644 SKUs
[15:24:48]   Cat 10 Energia y Cables              :    78 SKUs
[15:24:48]   Cat 11 Telefonia                     :    74 SKUs
[15:24:48]   Cat 12 Servidores y Almacenamiento   :    54 SKUs
[15:24:48]   Cat 13 Papel                         :    54 SKUs
[15:24:48]   Cat 14 Oficina y Escolar             :   595 SKUs
[15:24:48]   Cat 15 Puntos de Venta               :   421 SKUs
[15:24:48]   Cat 16 Videovigilancia               :    74 SKUs
[15:24:48]   TOTAL únicos: 4919
[15:24:48]   Archivo: /Users/ingfelipe/syscom-odoo-sync/.exel_skus.json
[15:24:48] ============================================================
