[07:21:39] Login con user=GDL1657XL06691
[07:21:47] Cat 1: Computo — navegando...
[07:21:54]   Pág 1: +74 (total 74)
[07:21:59]   Pág 2: +4 (total 78)
[07:22:21]   Pág 3: +0 (total 78)
[07:22:43]   Pág 4: +0 (total 78)
[07:22:43]   → Sin SKUs nuevos por 2 páginas, fin de categoría
[07:22:43]   ✓ Cat 1 (Computo): 78 SKUs únicos
[07:22:43] Cat 2: Impresion y Multifuncionales — navegando...
[07:22:49]   Pág 1: +73 (total 73)
[07:23:11]   Pág 2: +19 (total 92)
[07:23:33]   Pág 3: +20 (total 112)
[07:23:55]   Pág 4: +20 (total 132)
[07:24:17]   Pág 5: +19 (total 151)
[07:24:39]   Pág 6: +20 (total 171)
[07:25:01]   Pág 7: +20 (total 191)
[07:25:23]   Pág 8: +20 (total 211)
[07:25:46]   Pág 9: +20 (total 231)
[07:26:08]   Pág 10: +20 (total 251)
[07:26:30]   Pág 11: +20 (total 271)
[07:26:52]   Pág 12: +20 (total 291)
[07:27:14]   Pág 13: +20 (total 311)
[07:27:36]   Pág 14: +20 (total 331)
[07:27:58]   Pág 15: +20 (total 351)
[07:28:21]   Pág 16: +20 (total 371)
[07:28:43]   Pág 17: +20 (total 391)
[07:29:05]   Pág 18: +20 (total 411)
[07:29:27]   Pág 19: +20 (total 431)
[07:29:49]   Pág 20: +20 (total 451)
[07:30:11]   Pág 21: +20 (total 471)
[07:30:34]   Pág 22: +20 (total 491)
[07:30:56]   Pág 23: +20 (total 511)
[07:31:18]   Pág 24: +20 (total 531)
[07:31:40]   Pág 25: +20 (total 551)
[07:32:02]   Pág 26: +20 (total 571)
[07:32:25]   Pág 27: +20 (total 591)
[07:32:47]   Pág 28: +20 (total 611)
[07:33:09]   Pág 29: +20 (total 631)
[07:33:31]   Pág 30: +20 (total 651)
[07:33:54]   Pág 31: +20 (total 671)
[07:34:16]   Pág 32: +20 (total 691)
[07:34:38]   Pág 33: +20 (total 711)
[07:35:00]   Pág 34: +20 (total 731)
[07:35:22]   Pág 35: +20 (total 751)
[07:35:44]   Pág 36: +20 (total 771)
[07:36:07]   Pág 37: +20 (total 791)
[07:36:29]   Pág 38: +20 (total 811)
[07:36:51]   Pág 39: +20 (total 831)
[07:37:13]   Pág 40: +20 (total 851)
[07:37:35]   Pág 41: +20 (total 871)
[07:37:58]   Pág 42: +20 (total 891)
[07:38:20]   Pág 43: +20 (total 911)
[07:38:42]   Pág 44: +20 (total 931)
[07:39:04]   Pág 45: +20 (total 951)
[07:39:27]   Pág 46: +20 (total 971)
[07:39:49]   Pág 47: +20 (total 991)
[07:40:11]   Pág 48: +20 (total 1011)
[07:40:33]   Pág 49: +20 (total 1031)
[07:40:55]   Pág 50: +10 (total 1041)
[07:40:55]   → No hay botón siguiente, fin
[07:40:55]   ✓ Cat 2 (Impresion y Multifuncionales): 1041 SKUs únicos
[07:40:55] Cat 3: Consumibles — navegando...
[07:41:04]   Pág 1: +74 (total 74)
[07:41:26]   Pág 2: +18 (total 92)
[07:41:48]   Pág 3: +20 (total 112)
[07:42:11]   Pág 4: +20 (total 132)
[07:42:33]   Pág 5: +20 (total 152)
[07:42:55]   Pág 6: +20 (total 172)
[07:43:17]   Pág 7: +19 (total 191)
[07:43:39]   Pág 8: +20 (total 211)
[07:44:02]   Pág 9: +20 (total 231)
[07:44:24]   Pág 10: +20 (total 251)
[07:44:46]   Pág 11: +20 (total 271)
[07:45:08]   Pág 12: +20 (total 291)
[07:45:30]   Pág 13: +20 (total 311)
[07:45:52]   Pág 14: +20 (total 331)
[07:46:15]   Pág 15: +20 (total 351)
[07:46:37]   Pág 16: +20 (total 371)
[07:46:59]   Pág 17: +20 (total 391)
[07:47:21]   Pág 18: +20 (total 411)
[07:47:43]   Pág 19: +20 (total 431)
[07:48:05]   Pág 20: +20 (total 451)
[07:48:28]   Pág 21: +20 (total 471)
[07:48:50]   Pág 22: +20 (total 491)
[07:49:12]   Pág 23: +20 (total 511)
[07:49:34]   Pág 24: +20 (total 531)
[07:49:56]   Pág 25: +20 (total 551)
[07:50:19]   Pág 26: +20 (total 571)
[07:50:41]   Pág 27: +20 (total 591)
[07:51:03]   Pág 28: +20 (total 611)
[07:51:25]   Pág 29: +20 (total 631)
[07:51:47]   Pág 30: +20 (total 651)
[07:52:09]   Pág 31: +20 (total 671)
[07:52:32]   Pág 32: +20 (total 691)
[07:52:54]   Pág 33: +20 (total 711)
[07:53:16]   Pág 34: +20 (total 731)
[07:53:38]   Pág 35: +20 (total 751)
[07:54:00]   Pág 36: +20 (total 771)
[07:54:23]   Pág 37: +20 (total 791)
[07:54:45]   Pág 38: +20 (total 811)
[07:55:07]   Pág 39: +20 (total 831)
[07:55:29]   Pág 40: +20 (total 851)
[07:55:51]   Pág 41: +20 (total 871)
[07:56:14]   Pág 42: +20 (total 891)
[07:56:36]   Pág 43: +20 (total 911)
[07:56:58]   Pág 44: +20 (total 931)
[07:57:20]   Pág 45: +20 (total 951)
[07:57:42]   Pág 46: +20 (total 971)
[07:58:05]   Pág 47: +20 (total 991)
[07:58:27]   Pág 48: +20 (total 1011)
[07:58:49]   Pág 49: +20 (total 1031)
[07:59:11]   Pág 50: +20 (total 1051)
[07:59:34]   Pág 51: +20 (total 1071)
[07:59:56]   Pág 52: +20 (total 1091)
[08:00:18]   Pág 53: +20 (total 1111)
[08:00:40]   Pág 54: +20 (total 1131)
[08:01:03]   Pág 55: +20 (total 1151)
[08:01:25]   Pág 56: +20 (total 1171)
[08:01:47]   Pág 57: +20 (total 1191)
[08:02:09]   Pág 58: +20 (total 1211)
[08:02:32]   Pág 59: +20 (total 1231)
[08:02:54]   Pág 60: +20 (total 1251)
[08:03:16]   Pág 61: +20 (total 1271)
[08:03:38]   Pág 62: +20 (total 1291)
[08:04:01]   Pág 63: +20 (total 1311)
[08:04:23]   Pág 64: +20 (total 1331)
[08:04:45]   Pág 65: +20 (total 1351)
[08:05:07]   Pág 66: +20 (total 1371)
[08:05:29]   Pág 67: +20 (total 1391)
[08:05:52]   Pág 68: +20 (total 1411)
[08:06:14]   Pág 69: +20 (total 1431)
[08:06:36]   Pág 70: +20 (total 1451)
[08:06:58]   Pág 71: +20 (total 1471)
[08:07:21]   Pág 72: +20 (total 1491)
[08:07:43]   Pág 73: +20 (total 1511)
[08:08:05]   Pág 74: +20 (total 1531)
[08:08:27]   Pág 75: +20 (total 1551)
[08:08:50]   Pág 76: +20 (total 1571)
[08:09:12]   Pág 77: +20 (total 1591)
[08:09:34]   Pág 78: +20 (total 1611)
[08:09:56]   Pág 79: +20 (total 1631)
[08:10:19]   Pág 80: +20 (total 1651)
[08:10:41]   Pág 81: +20 (total 1671)
[08:11:03]   Pág 82: +20 (total 1691)
[08:11:25]   Pág 83: +20 (total 1711)
[08:11:47]   Pág 84: +20 (total 1731)
[08:12:10]   Pág 85: +20 (total 1751)
[08:12:32]   Pág 86: +20 (total 1771)
[08:12:54]   Pág 87: +20 (total 1791)
[08:13:16]   Pág 88: +20 (total 1811)
[08:13:39]   Pág 89: +20 (total 1831)
[08:14:01]   Pág 90: +20 (total 1851)
[08:14:23]   Pág 91: +20 (total 1871)
[08:14:45]   Pág 92: +20 (total 1891)
[08:15:08]   Pág 93: +20 (total 1911)
[08:15:30]   Pág 94: +20 (total 1931)
[08:15:53]   Pág 95: +20 (total 1951)
[08:16:15]   Pág 96: +20 (total 1971)
[08:16:37]   Pág 97: +20 (total 1991)
[08:17:00]   Pág 98: +20 (total 2011)
[08:17:22]   Pág 99: +20 (total 2031)
[08:17:44]   Pág 100: +20 (total 2051)
[08:18:06]   ✓ Cat 3 (Consumibles): 2051 SKUs únicos
[08:18:06] Cat 4: Almacenamiento — navegando...
[08:18:11]   Pág 1: +73 (total 73)
[08:18:16]   Pág 2: +4 (total 77)
[08:18:16]   → No hay botón siguiente, fin
[08:18:16]   ✓ Cat 4 (Almacenamiento): 77 SKUs únicos
[08:18:16] Cat 5: Electronica de Consumo — navegando...
[08:18:21]   Pág 1: +73 (total 73)
[08:18:26]   Pág 2: +4 (total 77)
[08:18:48]   Pág 3: +0 (total 77)
[08:19:11]   Pág 4: +0 (total 77)
[08:19:11]   → Sin SKUs nuevos por 2 páginas, fin de categoría
[08:19:11]   ✓ Cat 5 (Electronica de Consumo): 77 SKUs únicos
[08:19:11] Cat 6: Camara Video y Proyeccion — navegando...
[08:19:15]   Pág 1: +73 (total 73)
[08:19:37]   Pág 2: +19 (total 92)
[08:19:59]   Pág 3: +20 (total 112)
[08:20:21]   Pág 4: +20 (total 132)
[08:20:44]   Pág 5: +20 (total 152)
[08:21:06]   Pág 6: +20 (total 172)
[08:21:28]   Pág 7: +20 (total 192)
[08:21:50]   Pág 8: +20 (total 212)
[08:22:12]   Pág 9: +20 (total 232)
[08:22:34]   Pág 10: +20 (total 252)
[08:22:57]   Pág 11: +19 (total 271)
[08:23:19]   Pág 12: +10 (total 281)
[08:23:19]   → No hay botón siguiente, fin
[08:23:19]   ✓ Cat 6 (Camara Video y Proyeccion): 281 SKUs únicos
[08:23:19] Cat 7: Audio y Entretenimiento — navegando...
[08:23:23]   Pág 1: +54 (total 54)
[08:23:23]   → No hay botón siguiente, fin
[08:23:23]   ✓ Cat 7 (Audio y Entretenimiento): 54 SKUs únicos
[08:23:23] Cat 8: Redes — navegando...
[08:23:28]   Pág 1: +73 (total 73)
[08:23:33]   Pág 2: +4 (total 77)
[08:23:55]   Pág 3: +0 (total 77)
[08:24:17]   Pág 4: +0 (total 77)
[08:24:17]   → Sin SKUs nuevos por 2 páginas, fin de categoría
[08:24:17]   ✓ Cat 8 (Redes): 77 SKUs únicos
[08:24:17] Cat 9: Software y Garantias — navegando...
[08:24:22]   Pág 1: +74 (total 74)
[08:24:44]   Pág 2: +20 (total 94)
[08:25:06]   Pág 3: +20 (total 114)
[08:25:28]   Pág 4: +20 (total 134)
[08:25:51]   Pág 5: +19 (total 153)
[08:26:13]   Pág 6: +20 (total 173)
[08:26:35]   Pág 7: +20 (total 193)
[08:26:57]   Pág 8: +20 (total 213)
[08:27:19]   Pág 9: +19 (total 232)
[08:27:41]   Pág 10: +20 (total 252)
[08:28:04]   Pág 11: +20 (total 272)
[08:28:26]   Pág 12: +20 (total 292)
[08:28:48]   Pág 13: +20 (total 312)
[08:29:10]   Pág 14: +20 (total 332)
[08:29:32]   Pág 15: +20 (total 352)
[08:29:54]   Pág 16: +20 (total 372)
[08:30:17]   Pág 17: +20 (total 392)
[08:30:39]   Pág 18: +20 (total 412)
[08:31:01]   Pág 19: +20 (total 432)
[08:31:23]   Pág 20: +20 (total 452)
[08:31:45]   Pág 21: +20 (total 472)
[08:32:07]   Pág 22: +20 (total 492)
[08:32:30]   Pág 23: +20 (total 512)
[08:32:52]   Pág 24: +20 (total 532)
[08:33:14]   Pág 25: +20 (total 552)
[08:33:36]   Pág 26: +20 (total 572)
[08:33:58]   Pág 27: +20 (total 592)
[08:34:21]   Pág 28: +20 (total 612)
[08:34:43]   Pág 29: +20 (total 632)
[08:35:05]   Pág 30: +12 (total 644)
[08:35:05]   → No hay botón siguiente, fin
[08:35:05]   ✓ Cat 9 (Software y Garantias): 644 SKUs únicos
[08:35:05] Cat 10: Energia y Cables — navegando...
[08:35:10]   Pág 1: +74 (total 74)
[08:35:15]   Pág 2: +4 (total 78)
[08:35:15]   → No hay botón siguiente, fin
[08:35:15]   ✓ Cat 10 (Energia y Cables): 78 SKUs únicos
[08:35:15] Cat 11: Telefonia — navegando...
[08:35:21]   Pág 1: +73 (total 73)
[08:35:43]   Pág 2: +0 (total 73)
[08:36:05]   Pág 3: +0 (total 73)
[08:36:05]   → Sin SKUs nuevos por 2 páginas, fin de categoría
[08:36:05]   ✓ Cat 11 (Telefonia): 73 SKUs únicos
[08:36:05] Cat 12: Servidores y Almacenamiento — navegando...
[08:36:09]   Pág 1: +54 (total 54)
[08:36:09]   → No hay botón siguiente, fin
[08:36:09]   ✓ Cat 12 (Servidores y Almacenamiento): 54 SKUs únicos
[08:36:09] Cat 13: Papel — navegando...
[08:36:13]   Pág 1: +54 (total 54)
[08:36:13]   → No hay botón siguiente, fin
[08:36:13]   ✓ Cat 13 (Papel): 54 SKUs únicos
[08:36:13] Cat 14: Oficina y Escolar — navegando...
[08:36:18]   Pág 1: +74 (total 74)
[08:36:40]   Pág 2: +20 (total 94)
[08:37:03]   Pág 3: +20 (total 114)
[08:37:25]   Pág 4: +20 (total 134)
[08:37:47]   Pág 5: +19 (total 153)
[08:38:09]   Pág 6: +20 (total 173)
[08:38:31]   Pág 7: +20 (total 193)
[08:38:53]   Pág 8: +20 (total 213)
[08:39:15]   Pág 9: +20 (total 233)
[08:39:38]   Pág 10: +20 (total 253)
[08:40:00]   Pág 11: +20 (total 273)
[08:40:22]   Pág 12: +20 (total 293)
[08:40:44]   Pág 13: +20 (total 313)
[08:41:06]   Pág 14: +20 (total 333)
[08:41:29]   Pág 15: +20 (total 353)
[08:41:51]   Pág 16: +20 (total 373)
[08:42:13]   Pág 17: +20 (total 393)
[08:42:35]   Pág 18: +20 (total 413)
[08:42:57]   Pág 19: +20 (total 433)
[08:43:19]   Pág 20: +19 (total 452)
[08:43:42]   Pág 21: +20 (total 472)
[08:44:04]   Pág 22: +20 (total 492)
[08:44:26]   Pág 23: +20 (total 512)
[08:44:48]   Pág 24: +20 (total 532)
[08:45:10]   Pág 25: +20 (total 552)
[08:45:32]   Pág 26: +20 (total 572)
[08:45:55]   Pág 27: +20 (total 592)
[08:46:17]   Pág 28: +3 (total 595)
[08:46:17]   → No hay botón siguiente, fin
[08:46:17]   ✓ Cat 14 (Oficina y Escolar): 595 SKUs únicos
[08:46:17] Cat 15: Puntos de Venta — navegando...
[08:46:22]   Pág 1: +73 (total 73)
[08:46:44]   Pág 2: +20 (total 93)
[08:47:06]   Pág 3: +20 (total 113)
[08:47:28]   Pág 4: +20 (total 133)
[08:47:51]   Pág 5: +20 (total 153)
[08:48:13]   Pág 6: +20 (total 173)
[08:48:35]   Pág 7: +20 (total 193)
[08:48:57]   Pág 8: +20 (total 213)
[08:49:19]   Pág 9: +20 (total 233)
[08:49:41]   Pág 10: +20 (total 253)
[08:50:04]   Pág 11: +20 (total 273)
[08:50:26]   Pág 12: +19 (total 292)
[08:50:48]   Pág 13: +20 (total 312)
[08:51:10]   Pág 14: +20 (total 332)
[08:51:32]   Pág 15: +20 (total 352)
[08:51:55]   Pág 16: +20 (total 372)
[08:52:17]   Pág 17: +20 (total 392)
[08:52:39]   Pág 18: +20 (total 412)
[08:53:01]   Pág 19: +11 (total 423)
[08:53:01]   → No hay botón siguiente, fin
[08:53:01]   ✓ Cat 15 (Puntos de Venta): 423 SKUs únicos
[08:53:01] Cat 16: Videovigilancia — navegando...
[08:53:06]   Pág 1: +73 (total 73)
[08:53:11]   Pág 2: +3 (total 76)
[08:53:33]   Pág 3: +0 (total 76)
[08:53:55]   Pág 4: +0 (total 76)
[08:53:55]   → Sin SKUs nuevos por 2 páginas, fin de categoría
[08:53:55]   ✓ Cat 16 (Videovigilancia): 76 SKUs únicos
[08:53:55] 
============================================================
[08:53:55] RESUMEN COLECTOR
[08:53:55]   Cat  1 Computo                       :    78 SKUs
[08:53:55]   Cat  2 Impresion y Multifuncionales  :  1041 SKUs
[08:53:55]   Cat  3 Consumibles                   :  2051 SKUs
[08:53:55]   Cat  4 Almacenamiento                :    77 SKUs
[08:53:55]   Cat  5 Electronica de Consumo        :    77 SKUs
[08:53:55]   Cat  6 Camara Video y Proyeccion     :   281 SKUs
[08:53:55]   Cat  7 Audio y Entretenimiento       :    54 SKUs
[08:53:55]   Cat  8 Redes                         :    77 SKUs
[08:53:55]   Cat  9 Software y Garantias          :   644 SKUs
[08:53:55]   Cat 10 Energia y Cables              :    78 SKUs
[08:53:55]   Cat 11 Telefonia                     :    73 SKUs
[08:53:55]   Cat 12 Servidores y Almacenamiento   :    54 SKUs
[08:53:55]   Cat 13 Papel                         :    54 SKUs
[08:53:55]   Cat 14 Oficina y Escolar             :   595 SKUs
[08:53:55]   Cat 15 Puntos de Venta               :   423 SKUs
[08:53:55]   Cat 16 Videovigilancia               :    76 SKUs
[08:53:55]   TOTAL únicos: 4923
[08:53:55]   Archivo: /Users/ingfelipe/syscom-odoo-sync/.exel_skus.json
[08:53:55] ============================================================
