[06:11:25] Login con user=GDL1657XL06691
[06:11:33] Cat 1: Computo — navegando...
[06:11:41]   Pág 1: +74 (total 74)
[06:11:47]   Pág 2: +4 (total 78)
[06:12:10]   Pág 3: +0 (total 78)
[06:12:32]   Pág 4: +0 (total 78)
[06:12:32]   → Sin SKUs nuevos por 2 páginas, fin de categoría
[06:12:32]   ✓ Cat 1 (Computo): 78 SKUs únicos
[06:12:32] Cat 2: Impresion y Multifuncionales — navegando...
[06:12:37]   Pág 1: +73 (total 73)
[06:12:59]   Pág 2: +19 (total 92)
[06:13:21]   Pág 3: +20 (total 112)
[06:13:43]   Pág 4: +20 (total 132)
[06:14:06]   Pág 5: +19 (total 151)
[06:14:28]   Pág 6: +20 (total 171)
[06:14:50]   Pág 7: +20 (total 191)
[06:15:12]   Pág 8: +20 (total 211)
[06:15:34]   Pág 9: +20 (total 231)
[06:15:57]   Pág 10: +20 (total 251)
[06:16:19]   Pág 11: +20 (total 271)
[06:16:41]   Pág 12: +20 (total 291)
[06:17:03]   Pág 13: +20 (total 311)
[06:17:25]   Pág 14: +20 (total 331)
[06:17:48]   Pág 15: +20 (total 351)
[06:18:10]   Pág 16: +20 (total 371)
[06:18:32]   Pág 17: +20 (total 391)
[06:18:54]   Pág 18: +20 (total 411)
[06:19:16]   Pág 19: +20 (total 431)
[06:19:39]   Pág 20: +20 (total 451)
[06:20:01]   Pág 21: +20 (total 471)
[06:20:23]   Pág 22: +20 (total 491)
[06:20:45]   Pág 23: +20 (total 511)
[06:21:07]   Pág 24: +20 (total 531)
[06:21:29]   Pág 25: +21 (total 552)
[06:21:52]   Pág 26: +20 (total 572)
[06:22:14]   Pág 27: +20 (total 592)
[06:22:36]   Pág 28: +20 (total 612)
[06:22:59]   Pág 29: +20 (total 632)
[06:23:21]   Pág 30: +20 (total 652)
[06:23:43]   Pág 31: +20 (total 672)
[06:24:05]   Pág 32: +20 (total 692)
[06:24:28]   Pág 33: +20 (total 712)
[06:24:50]   Pág 34: +20 (total 732)
[06:25:12]   Pág 35: +20 (total 752)
[06:25:34]   Pág 36: +20 (total 772)
[06:25:57]   Pág 37: +20 (total 792)
[06:26:19]   Pág 38: +20 (total 812)
[06:26:41]   Pág 39: +20 (total 832)
[06:27:03]   Pág 40: +20 (total 852)
[06:27:25]   Pág 41: +20 (total 872)
[06:27:48]   Pág 42: +20 (total 892)
[06:28:10]   Pág 43: +20 (total 912)
[06:28:32]   Pág 44: +20 (total 932)
[06:28:54]   Pág 45: +20 (total 952)
[06:29:17]   Pág 46: +20 (total 972)
[06:29:39]   Pág 47: +20 (total 992)
[06:30:01]   Pág 48: +20 (total 1012)
[06:30:23]   Pág 49: +20 (total 1032)
[06:30:46]   Pág 50: +10 (total 1042)
[06:30:46]   → No hay botón siguiente, fin
[06:30:46]   ✓ Cat 2 (Impresion y Multifuncionales): 1042 SKUs únicos
[06:30:46] Cat 3: Consumibles — navegando...
[06:30:53]   Pág 1: +74 (total 74)
[06:31:15]   Pág 2: +18 (total 92)
[06:31:37]   Pág 3: +20 (total 112)
[06:31:59]   Pág 4: +20 (total 132)
[06:32:21]   Pág 5: +20 (total 152)
[06:32:44]   Pág 6: +20 (total 172)
[06:33:06]   Pág 7: +20 (total 192)
[06:33:28]   Pág 8: +19 (total 211)
[06:33:50]   Pág 9: +20 (total 231)
[06:34:12]   Pág 10: +20 (total 251)
[06:34:35]   Pág 11: +20 (total 271)
[06:34:57]   Pág 12: +20 (total 291)
[06:35:19]   Pág 13: +20 (total 311)
[06:35:41]   Pág 14: +20 (total 331)
[06:36:03]   Pág 15: +20 (total 351)
[06:36:26]   Pág 16: +20 (total 371)
[06:36:48]   Pág 17: +20 (total 391)
[06:37:10]   Pág 18: +20 (total 411)
[06:37:32]   Pág 19: +20 (total 431)
[06:37:54]   Pág 20: +20 (total 451)
[06:38:16]   Pág 21: +20 (total 471)
[06:38:39]   Pág 22: +20 (total 491)
[06:39:01]   Pág 23: +20 (total 511)
[06:39:23]   Pág 24: +20 (total 531)
[06:39:45]   Pág 25: +20 (total 551)
[06:40:08]   Pág 26: +20 (total 571)
[06:40:30]   Pág 27: +20 (total 591)
[06:40:52]   Pág 28: +20 (total 611)
[06:41:14]   Pág 29: +20 (total 631)
[06:41:36]   Pág 30: +20 (total 651)
[06:41:59]   Pág 31: +20 (total 671)
[06:42:21]   Pág 32: +20 (total 691)
[06:42:43]   Pág 33: +20 (total 711)
[06:43:05]   Pág 34: +20 (total 731)
[06:43:28]   Pág 35: +20 (total 751)
[06:43:50]   Pág 36: +20 (total 771)
[06:44:12]   Pág 37: +20 (total 791)
[06:44:34]   Pág 38: +20 (total 811)
[06:44:56]   Pág 39: +20 (total 831)
[06:45:19]   Pág 40: +20 (total 851)
[06:45:41]   Pág 41: +20 (total 871)
[06:46:03]   Pág 42: +20 (total 891)
[06:46:25]   Pág 43: +20 (total 911)
[06:46:48]   Pág 44: +20 (total 931)
[06:47:12]   Pág 45: +20 (total 951)
[06:47:34]   Pág 46: +20 (total 971)
[06:47:57]   Pág 47: +20 (total 991)
[06:48:19]   Pág 48: +20 (total 1011)
[06:48:41]   Pág 49: +20 (total 1031)
[06:49:03]   Pág 50: +20 (total 1051)
[06:49:25]   Pág 51: +20 (total 1071)
[06:49:48]   Pág 52: +20 (total 1091)
[06:50:10]   Pág 53: +20 (total 1111)
[06:50:32]   Pág 54: +20 (total 1131)
[06:50:54]   Pág 55: +20 (total 1151)
[06:51:17]   Pág 56: +20 (total 1171)
[06:51:39]   Pág 57: +20 (total 1191)
[06:52:01]   Pág 58: +20 (total 1211)
[06:52:25]   Pág 59: +20 (total 1231)
[06:52:48]   Pág 60: +20 (total 1251)
[06:53:10]   Pág 61: +20 (total 1271)
[06:53:32]   Pág 62: +20 (total 1291)
[06:53:55]   Pág 63: +20 (total 1311)
[06:54:17]   Pág 64: +20 (total 1331)
[06:54:39]   Pág 65: +20 (total 1351)
[06:55:02]   Pág 66: +20 (total 1371)
[06:55:24]   Pág 67: +20 (total 1391)
[06:55:46]   Pág 68: +20 (total 1411)
[06:56:08]   Pág 69: +20 (total 1431)
[06:56:31]   Pág 70: +20 (total 1451)
[06:56:53]   Pág 71: +20 (total 1471)
[06:57:15]   Pág 72: +20 (total 1491)
[06:57:38]   Pág 73: +20 (total 1511)
[06:58:00]   Pág 74: +20 (total 1531)
[06:58:22]   Pág 75: +20 (total 1551)
[06:58:44]   Pág 76: +20 (total 1571)
[06:59:07]   Pág 77: +20 (total 1591)
[06:59:29]   Pág 78: +20 (total 1611)
[06:59:51]   Pág 79: +20 (total 1631)
[07:00:14]   Pág 80: +20 (total 1651)
[07:00:36]   Pág 81: +20 (total 1671)
[07:00:58]   Pág 82: +20 (total 1691)
[07:01:21]   Pág 83: +20 (total 1711)
[07:01:43]   Pág 84: +20 (total 1731)
[07:02:06]   Pág 85: +20 (total 1751)
[07:02:28]   Pág 86: +20 (total 1771)
[07:02:50]   Pág 87: +20 (total 1791)
[07:03:13]   Pág 88: +20 (total 1811)
[07:03:35]   Pág 89: +20 (total 1831)
[07:03:57]   Pág 90: +20 (total 1851)
[07:04:19]   Pág 91: +20 (total 1871)
[07:04:41]   Pág 92: +20 (total 1891)
[07:05:04]   Pág 93: +20 (total 1911)
[07:05:26]   Pág 94: +20 (total 1931)
[07:05:48]   Pág 95: +20 (total 1951)
[07:06:10]   Pág 96: +20 (total 1971)
[07:06:33]   Pág 97: +20 (total 1991)
[07:06:55]   Pág 98: +20 (total 2011)
[07:07:17]   Pág 99: +20 (total 2031)
[07:07:40]   Pág 100: +20 (total 2051)
[07:08:02]   ✓ Cat 3 (Consumibles): 2051 SKUs únicos
[07:08:02] Cat 4: Almacenamiento — navegando...
[07:08:07]   Pág 1: +73 (total 73)
[07:08:12]   Pág 2: +4 (total 77)
[07:08:12]   → No hay botón siguiente, fin
[07:08:12]   ✓ Cat 4 (Almacenamiento): 77 SKUs únicos
[07:08:12] Cat 5: Electronica de Consumo — navegando...
[07:08:16]   Pág 1: +73 (total 73)
[07:08:21]   Pág 2: +2 (total 75)
[07:08:43]   Pág 3: +0 (total 75)
[07:09:06]   Pág 4: +0 (total 75)
[07:09:06]   → Sin SKUs nuevos por 2 páginas, fin de categoría
[07:09:06]   ✓ Cat 5 (Electronica de Consumo): 75 SKUs únicos
[07:09:06] Cat 6: Camara Video y Proyeccion — navegando...
[07:09:10]   Pág 1: +73 (total 73)
[07:09:32]   Pág 2: +19 (total 92)
[07:09:55]   Pág 3: +20 (total 112)
[07:10:17]   Pág 4: +20 (total 132)
[07:10:39]   Pág 5: +20 (total 152)
[07:11:01]   Pág 6: +20 (total 172)
[07:11:23]   Pág 7: +19 (total 191)
[07:11:45]   Pág 8: +20 (total 211)
[07:12:08]   Pág 9: +20 (total 231)
[07:12:30]   Pág 10: +20 (total 251)
[07:12:52]   Pág 11: +20 (total 271)
[07:13:14]   Pág 12: +10 (total 281)
[07:13:14]   → No hay botón siguiente, fin
[07:13:14]   ✓ Cat 6 (Camara Video y Proyeccion): 281 SKUs únicos
[07:13:14] Cat 7: Audio y Entretenimiento — navegando...
[07:13:19]   Pág 1: +54 (total 54)
[07:13:19]   → No hay botón siguiente, fin
[07:13:19]   ✓ Cat 7 (Audio y Entretenimiento): 54 SKUs únicos
[07:13:19] Cat 8: Redes — navegando...
[07:13:24]   Pág 1: +73 (total 73)
[07:13:29]   Pág 2: +4 (total 77)
[07:13:51]   Pág 3: +0 (total 77)
[07:14:13]   Pág 4: +0 (total 77)
[07:14:13]   → Sin SKUs nuevos por 2 páginas, fin de categoría
[07:14:13]   ✓ Cat 8 (Redes): 77 SKUs únicos
[07:14:13] Cat 9: Software y Garantias — navegando...
[07:14:18]   Pág 1: +74 (total 74)
[07:14:40]   Pág 2: +20 (total 94)
[07:15:02]   Pág 3: +20 (total 114)
[07:15:24]   Pág 4: +20 (total 134)
[07:15:47]   Pág 5: +19 (total 153)
[07:16:10]   Pág 6: +20 (total 173)
[07:16:32]   Pág 7: +20 (total 193)
[07:16:54]   Pág 8: +20 (total 213)
[07:17:17]   Pág 9: +19 (total 232)
[07:17:39]   Pág 10: +20 (total 252)
[07:18:01]   Pág 11: +20 (total 272)
[07:18:23]   Pág 12: +20 (total 292)
[07:18:45]   Pág 13: +20 (total 312)
[07:19:08]   Pág 14: +20 (total 332)
[07:19:30]   Pág 15: +20 (total 352)
[07:19:52]   Pág 16: +20 (total 372)
[07:20:14]   Pág 17: +20 (total 392)
[07:20:36]   Pág 18: +20 (total 412)
[07:20:59]   Pág 19: +20 (total 432)
[07:21:21]   Pág 20: +20 (total 452)
[07:21:43]   Pág 21: +20 (total 472)
[07:22:05]   Pág 22: +20 (total 492)
[07:22:28]   Pág 23: +20 (total 512)
[07:22:50]   Pág 24: +20 (total 532)
[07:23:12]   Pág 25: +20 (total 552)
[07:23:34]   Pág 26: +20 (total 572)
[07:23:57]   Pág 27: +20 (total 592)
[07:24:19]   Pág 28: +20 (total 612)
[07:24:41]   Pág 29: +20 (total 632)
[07:25:03]   Pág 30: +12 (total 644)
[07:25:03]   → No hay botón siguiente, fin
[07:25:03]   ✓ Cat 9 (Software y Garantias): 644 SKUs únicos
[07:25:03] Cat 10: Energia y Cables — navegando...
[07:25:08]   Pág 1: +74 (total 74)
[07:25:31]   Pág 2: +20 (total 94)
[07:25:36]   Pág 3: +3 (total 97)
[07:25:41]   Pág 4: +4 (total 101)
[07:25:46]   Pág 5: +1 (total 102)
[07:25:51]   Pág 6: +3 (total 105)
[07:25:56]   Pág 7: +3 (total 108)
[07:26:01]   Pág 8: +0 (total 108)
[07:26:06]   Pág 9: +2 (total 110)
[07:26:11]   Pág 10: +3 (total 113)
[07:26:16]   Pág 11: +0 (total 113)
[07:26:16]   → No hay botón siguiente, fin
[07:26:16]   ✓ Cat 10 (Energia y Cables): 113 SKUs únicos
[07:26:16] Cat 11: Telefonia — navegando...
[07:26:22]   Pág 1: +73 (total 73)
[07:26:44]   Pág 2: +0 (total 73)
[07:27:06]   Pág 3: +0 (total 73)
[07:27:06]   → Sin SKUs nuevos por 2 páginas, fin de categoría
[07:27:06]   ✓ Cat 11 (Telefonia): 73 SKUs únicos
[07:27:06] Cat 12: Servidores y Almacenamiento — navegando...
[07:27:10]   Pág 1: +54 (total 54)
[07:27:10]   → No hay botón siguiente, fin
[07:27:10]   ✓ Cat 12 (Servidores y Almacenamiento): 54 SKUs únicos
[07:27:10] Cat 13: Papel — navegando...
[07:27:14]   Pág 1: +54 (total 54)
[07:27:14]   → No hay botón siguiente, fin
[07:27:14]   ✓ Cat 13 (Papel): 54 SKUs únicos
[07:27:14] Cat 14: Oficina y Escolar — navegando...
[07:27:19]   Pág 1: +74 (total 74)
[07:27:41]   Pág 2: +20 (total 94)
[07:28:04]   Pág 3: +20 (total 114)
[07:28:26]   Pág 4: +20 (total 134)
[07:28:48]   Pág 5: +19 (total 153)
[07:29:10]   Pág 6: +20 (total 173)
[07:29:32]   Pág 7: +20 (total 193)
[07:29:55]   Pág 8: +20 (total 213)
[07:30:17]   Pág 9: +20 (total 233)
[07:30:39]   Pág 10: +20 (total 253)
[07:31:01]   Pág 11: +20 (total 273)
[07:31:23]   Pág 12: +20 (total 293)
[07:31:46]   Pág 13: +20 (total 313)
[07:32:08]   Pág 14: +20 (total 333)
[07:32:30]   Pág 15: +20 (total 353)
[07:32:52]   Pág 16: +20 (total 373)
[07:33:15]   Pág 17: +20 (total 393)
[07:33:37]   Pág 18: +19 (total 412)
[07:33:59]   Pág 19: +20 (total 432)
[07:34:21]   Pág 20: +20 (total 452)
[07:34:43]   Pág 21: +20 (total 472)
[07:35:05]   Pág 22: +20 (total 492)
[07:35:28]   Pág 23: +20 (total 512)
[07:35:50]   Pág 24: +20 (total 532)
[07:36:12]   Pág 25: +20 (total 552)
[07:36:35]   Pág 26: +20 (total 572)
[07:36:57]   Pág 27: +20 (total 592)
[07:37:19]   Pág 28: +3 (total 595)
[07:37:19]   → No hay botón siguiente, fin
[07:37:19]   ✓ Cat 14 (Oficina y Escolar): 595 SKUs únicos
[07:37:19] Cat 15: Puntos de Venta — navegando...
[07:37:28]   Pág 1: +73 (total 73)
[07:37:50]   Pág 2: +20 (total 93)
[07:38:12]   Pág 3: +20 (total 113)
[07:38:34]   Pág 4: +20 (total 133)
[07:38:56]   Pág 5: +20 (total 153)
[07:39:18]   Pág 6: +20 (total 173)
[07:39:41]   Pág 7: +20 (total 193)
[07:40:03]   Pág 8: +20 (total 213)
[07:40:25]   Pág 9: +20 (total 233)
[07:40:47]   Pág 10: +20 (total 253)
[07:41:09]   Pág 11: +20 (total 273)
[07:41:31]   Pág 12: +19 (total 292)
[07:41:54]   Pág 13: +20 (total 312)
[07:42:16]   Pág 14: +20 (total 332)
[07:42:38]   Pág 15: +20 (total 352)
[07:43:00]   Pág 16: +20 (total 372)
[07:43:22]   Pág 17: +20 (total 392)
[07:43:45]   Pág 18: +20 (total 412)
[07:44:07]   Pág 19: +11 (total 423)
[07:44:07]   → No hay botón siguiente, fin
[07:44:07]   ✓ Cat 15 (Puntos de Venta): 423 SKUs únicos
[07:44:07] Cat 16: Videovigilancia — navegando...
[07:44:17]   Pág 1: +73 (total 73)
[07:44:23]   Pág 2: +2 (total 75)
[07:44:45]   Pág 3: +0 (total 75)
[07:45:07]   Pág 4: +0 (total 75)
[07:45:07]   → Sin SKUs nuevos por 2 páginas, fin de categoría
[07:45:07]   ✓ Cat 16 (Videovigilancia): 75 SKUs únicos
[07:45:07] 
============================================================
[07:45:07] RESUMEN COLECTOR
[07:45:07]   Cat  1 Computo                       :    78 SKUs
[07:45:07]   Cat  2 Impresion y Multifuncionales  :  1042 SKUs
[07:45:07]   Cat  3 Consumibles                   :  2051 SKUs
[07:45:07]   Cat  4 Almacenamiento                :    77 SKUs
[07:45:07]   Cat  5 Electronica de Consumo        :    75 SKUs
[07:45:07]   Cat  6 Camara Video y Proyeccion     :   281 SKUs
[07:45:07]   Cat  7 Audio y Entretenimiento       :    54 SKUs
[07:45:07]   Cat  8 Redes                         :    77 SKUs
[07:45:07]   Cat  9 Software y Garantias          :   644 SKUs
[07:45:07]   Cat 10 Energia y Cables              :   113 SKUs
[07:45:07]   Cat 11 Telefonia                     :    73 SKUs
[07:45:07]   Cat 12 Servidores y Almacenamiento   :    54 SKUs
[07:45:07]   Cat 13 Papel                         :    54 SKUs
[07:45:07]   Cat 14 Oficina y Escolar             :   595 SKUs
[07:45:07]   Cat 15 Puntos de Venta               :   423 SKUs
[07:45:07]   Cat 16 Videovigilancia               :    75 SKUs
[07:45:07]   TOTAL únicos: 4956
[07:45:07]   Archivo: /Users/ingfelipe/syscom-odoo-sync/.exel_skus.json
[07:45:07] ============================================================
