[13:15:25] ======================================================================
[13:15:25] EXEL → Odoo Sync (dry=True, diff=False, cat=1, limit=5)
[13:15:25] ======================================================================
[13:15:27] Conectado Odoo UID=2
[13:15:27] Precargando SKUs Odoo...
[13:15:47]   59379 SKUs Odoo cargados
[13:15:47] 
=== Categoría 1: Computo (margin=computo) ===
[13:15:48]   54 SKUs encontrados
[13:15:48]   [DRY] NEW XECPAPAE051     $573.00 stock=1625 online=$711.21  'Papel Cortado Xerox Bond Ecológico Carta'
[13:15:48]   [DRY] NEW DEVSRVAB436     $36163.77 stock=16 online=$44886.47  'Servidor Dell PowerEdge T160 + Intel Xeo'
[13:15:50]   [DRY] NEW MNCTECAB002     $128.36 stock=89 online=$159.32  'Kit Teclado y Mouse Manhattan Óptico Cab'
[13:15:50]   [DRY] NEW HOELECAD033     $24037.35 stock=23 online=$29835.16  'Terminal Honeywell CK65 4GB/32GB Android'
[13:15:50] Limite 5 alcanzado
[13:15:50] ======================================================================
[13:15:50] RESUMEN
[13:15:50]   Procesados:    5
[13:15:50]   Nuevos:        4
[13:15:50]   Actualizados:  0
[13:15:50]   Sin precio:    1
[13:15:50]   Errores:       0
[13:15:50] ======================================================================
