[00:21:00] ======================================================================
[00:21:00] FIX SYSCOM SUPPLIERINFO (dry=False, limit=None, resume=False)
[00:21:00] ======================================================================
[00:21:01] Conectado a Odoo UID=2
[00:21:01] Token Syscom OK
[00:21:01] Buscando productos sin supplierinfo Syscom...
[00:21:20]   59897 productos con default_code
[00:21:20] Cargando supplierinfo Syscom existentes...
[00:21:21]   4284 productos YA tienen Syscom
[00:21:21]   → 55629 productos SIN supplierinfo Syscom (a procesar)
[00:21:21] TC USD/MXN: 17.5021
[00:21:21] Procesando 55629 productos (rate 55/min)
[00:22:02]   50/55629 | match=50 not_found=0 err=0
[00:22:58]   100/55629 | match=93 not_found=7 err=0
[00:23:55]   150/55629 | match=130 not_found=20 err=0
[00:24:51]   200/55629 | match=167 not_found=33 err=0
[00:25:49]   250/55629 | match=212 not_found=38 err=0
[00:26:45]   300/55629 | match=262 not_found=38 err=0
[00:27:41]   350/55629 | match=311 not_found=39 err=0
[00:28:37]   400/55629 | match=359 not_found=41 err=0
[00:29:33]   450/55629 | match=408 not_found=42 err=0
[00:30:33]   500/55629 | match=458 not_found=42 err=0
[00:31:58]   550/55629 | match=508 not_found=42 err=0
[00:33:00]   600/55629 | match=556 not_found=44 err=0
[00:33:58]   650/55629 | match=606 not_found=44 err=0
[00:34:56]   700/55629 | match=655 not_found=45 err=0
[00:36:07]   750/55629 | match=699 not_found=51 err=0
[00:37:03]   800/55629 | match=706 not_found=94 err=0
[00:38:00]   850/55629 | match=718 not_found=132 err=0
[00:38:56]   900/55629 | match=744 not_found=156 err=0
[00:39:52]   950/55629 | match=758 not_found=192 err=0
[00:40:50]   1000/55629 | match=759 not_found=241 err=0
[00:41:45]   1050/55629 | match=779 not_found=271 err=0
[00:42:40]   1100/55629 | match=802 not_found=298 err=0
[00:43:36]   1150/55629 | match=811 not_found=339 err=0
[00:44:32]   1200/55629 | match=812 not_found=388 err=0
[00:45:42]   1250/55629 | match=812 not_found=438 err=0
[00:46:37]   1300/55629 | match=821 not_found=479 err=0
[00:47:45]   1350/55629 | match=822 not_found=528 err=0
[00:48:42]   1400/55629 | match=822 not_found=578 err=0
[00:49:39]   1450/55629 | match=824 not_found=626 err=0
[00:50:36]   1500/55629 | match=827 not_found=673 err=0
[00:51:33]   1550/55629 | match=827 not_found=723 err=0
[00:52:29]   1600/55629 | match=827 not_found=773 err=0
[00:53:25]   1650/55629 | match=828 not_found=822 err=0
[00:54:25]   1700/55629 | match=828 not_found=872 err=0
[00:55:56]   1750/55629 | match=828 not_found=922 err=0
[00:56:44]   1800/55629 | match=849 not_found=951 err=0
[00:57:37]   1850/55629 | match=868 not_found=982 err=0
[00:58:34]   1900/55629 | match=882 not_found=1018 err=0
[00:59:32]   1950/55629 | match=882 not_found=1068 err=0
[01:02:23]   2000/55629 | match=882 not_found=1118 err=0
[01:04:18]   2050/55629 | match=885 not_found=1165 err=0
[01:05:14]   2100/55629 | match=891 not_found=1209 err=0
[01:06:11]   2150/55629 | match=891 not_found=1259 err=0
[01:06:56]   2200/55629 | match=895 not_found=1305 err=0
[01:07:50]   2250/55629 | match=899 not_found=1351 err=0
[01:09:03]   2300/55629 | match=899 not_found=1401 err=0
[01:09:54]   2350/55629 | match=906 not_found=1444 err=0
[01:10:45]   2400/55629 | match=910 not_found=1490 err=0
[01:11:41]   2450/55629 | match=943 not_found=1507 err=0
[01:12:37]   2500/55629 | match=992 not_found=1508 err=0
[01:13:34]   2550/55629 | match=1038 not_found=1512 err=0
[01:14:29]   2600/55629 | match=1077 not_found=1523 err=0
[01:15:35]   2650/55629 | match=1126 not_found=1524 err=0
[01:16:29]   2700/55629 | match=1171 not_found=1529 err=0
[01:17:24]   2750/55629 | match=1204 not_found=1546 err=0
[01:18:17]   2800/55629 | match=1249 not_found=1551 err=0
[01:19:13]   2850/55629 | match=1295 not_found=1555 err=0
[01:20:07]   2900/55629 | match=1338 not_found=1562 err=0
[01:21:03]   2950/55629 | match=1375 not_found=1575 err=0
[01:22:00]   3000/55629 | match=1418 not_found=1582 err=0
[01:22:55]   3050/55629 | match=1461 not_found=1589 err=0
[01:23:50]   3100/55629 | match=1492 not_found=1608 err=0
[01:24:45]   3150/55629 | match=1532 not_found=1618 err=0
[01:25:39]   3200/55629 | match=1562 not_found=1638 err=0
[01:26:34]   3250/55629 | match=1611 not_found=1639 err=0
[01:27:30]   3300/55629 | match=1654 not_found=1646 err=0
[01:28:22]   3350/55629 | match=1704 not_found=1646 err=0
[01:29:18]   3400/55629 | match=1753 not_found=1647 err=0
[01:30:23]   3450/55629 | match=1791 not_found=1659 err=0
[01:31:27]   3500/55629 | match=1841 not_found=1659 err=0
[01:32:23]   3550/55629 | match=1860 not_found=1690 err=0
[01:33:19]   3600/55629 | match=1889 not_found=1711 err=0
[01:34:29]   3650/55629 | match=1921 not_found=1729 err=0
[01:35:26]   3700/55629 | match=1968 not_found=1732 err=0
[01:36:15]   3750/55629 | match=1986 not_found=1764 err=0
[01:37:07]   3800/55629 | match=2031 not_found=1769 err=0
[01:38:05]   3850/55629 | match=2079 not_found=1771 err=0
[01:39:02]   3900/55629 | match=2129 not_found=1771 err=0
[01:39:58]   3950/55629 | match=2177 not_found=1773 err=0
[01:40:54]   4000/55629 | match=2223 not_found=1777 err=0
[01:41:50]   4050/55629 | match=2271 not_found=1779 err=0
[01:42:47]   4100/55629 | match=2318 not_found=1782 err=0
[01:43:43]   4150/55629 | match=2366 not_found=1784 err=0
[01:44:39]   4200/55629 | match=2409 not_found=1791 err=0
[01:45:51]   4250/55629 | match=2457 not_found=1793 err=0
[01:46:45]   4300/55629 | match=2503 not_found=1797 err=0
[01:47:44]   4350/55629 | match=2544 not_found=1806 err=0
[01:48:41]   4400/55629 | match=2583 not_found=1817 err=0
[01:49:38]   4450/55629 | match=2613 not_found=1837 err=0
[01:50:35]   4500/55629 | match=2662 not_found=1838 err=0
[01:51:32]   4550/55629 | match=2695 not_found=1855 err=0
[01:52:28]   4600/55629 | match=2735 not_found=1865 err=0
[01:53:09]   4650/55629 | match=2742 not_found=1908 err=0
[01:54:04]   4700/55629 | match=2777 not_found=1923 err=0
[01:55:01]   4750/55629 | match=2820 not_found=1930 err=0
[01:55:58]   4800/55629 | match=2862 not_found=1938 err=0
[01:56:54]   4850/55629 | match=2903 not_found=1947 err=0
[01:57:51]   4900/55629 | match=2927 not_found=1973 err=0
[01:58:47]   4950/55629 | match=2931 not_found=2019 err=0
[01:59:43]   5000/55629 | match=2949 not_found=2051 err=0
[02:02:50]   5050/55629 | match=2966 not_found=2084 err=0
[02:06:11]   5100/55629 | match=2968 not_found=2132 err=0
[02:06:51]   5150/55629 | match=2968 not_found=2182 err=0
[02:07:52]   5200/55629 | match=2981 not_found=2219 err=0
[02:08:48]   5250/55629 | match=2985 not_found=2265 err=0
[02:09:47]   5300/55629 | match=2989 not_found=2311 err=0
[02:10:52]   5350/55629 | match=2993 not_found=2357 err=0
[02:11:47]   5400/55629 | match=2993 not_found=2407 err=0
[02:12:42]   5450/55629 | match=2995 not_found=2455 err=0
[02:13:35]   5500/55629 | match=2995 not_found=2505 err=0
[02:14:30]   5550/55629 | match=3000 not_found=2550 err=0
[02:15:34]   5600/55629 | match=3006 not_found=2594 err=0
[02:16:29]   5650/55629 | match=3009 not_found=2641 err=0
[02:17:24]   5700/55629 | match=3009 not_found=2691 err=0
[02:18:18]   5750/55629 | match=3009 not_found=2741 err=0
[02:19:12]   5800/55629 | match=3009 not_found=2791 err=0
[02:20:06]   5850/55629 | match=3009 not_found=2841 err=0
[02:21:02]   5900/55629 | match=3009 not_found=2891 err=0
[02:21:58]   5950/55629 | match=3009 not_found=2941 err=0
[02:22:54]   6000/55629 | match=3009 not_found=2991 err=0
[02:23:47]   6050/55629 | match=3009 not_found=3041 err=0
[02:24:44]   6100/55629 | match=3009 not_found=3091 err=0
[02:25:40]   6150/55629 | match=3009 not_found=3141 err=0
[02:26:36]   6200/55629 | match=3009 not_found=3191 err=0
[02:27:31]   6250/55629 | match=3009 not_found=3241 err=0
[02:28:24]   6300/55629 | match=3009 not_found=3291 err=0
[02:29:17]   6350/55629 | match=3009 not_found=3341 err=0
[02:30:17]   6400/55629 | match=3009 not_found=3391 err=0
[02:31:44]   6450/55629 | match=3009 not_found=3441 err=0
[02:32:42]   6500/55629 | match=3009 not_found=3491 err=0
[02:33:37]   6550/55629 | match=3012 not_found=3538 err=0
[02:34:33]   6600/55629 | match=3021 not_found=3579 err=0
[02:35:39]   6650/55629 | match=3028 not_found=3622 err=0
[02:36:33]   6700/55629 | match=3041 not_found=3659 err=0
[02:37:19]   6750/55629 | match=3075 not_found=3675 err=0
[02:38:16]   6800/55629 | match=3115 not_found=3685 err=0
[02:39:14]   6850/55629 | match=3157 not_found=3693 err=0
[02:40:22]   6900/55629 | match=3194 not_found=3706 err=0
[02:41:13]   6950/55629 | match=3228 not_found=3722 err=0
[02:42:04]   7000/55629 | match=3274 not_found=3726 err=0
[02:42:58]   7050/55629 | match=3320 not_found=3730 err=0
[02:43:55]   7100/55629 | match=3368 not_found=3732 err=0
[02:44:52]   7150/55629 | match=3408 not_found=3742 err=0
[02:46:08]   7200/55629 | match=3449 not_found=3751 err=0
[02:47:05]   7250/55629 | match=3491 not_found=3759 err=0
[02:47:59]   7300/55629 | match=3536 not_found=3764 err=0
[02:48:55]   7350/55629 | match=3577 not_found=3773 err=0
[02:49:50]   7400/55629 | match=3597 not_found=3803 err=0
[02:50:46]   7450/55629 | match=3635 not_found=3815 err=0
[02:51:37]   7500/55629 | match=3676 not_found=3824 err=0
[02:52:34]   7550/55629 | match=3707 not_found=3843 err=0
[02:53:29]   7600/55629 | match=3742 not_found=3858 err=0
[02:54:25]   7650/55629 | match=3786 not_found=3864 err=0
[02:55:32]   7700/55629 | match=3825 not_found=3875 err=0
[02:56:28]   7750/55629 | match=3858 not_found=3892 err=0
[02:57:22]   7800/55629 | match=3859 not_found=3941 err=0
[02:58:17]   7850/55629 | match=3896 not_found=3954 err=0
[02:59:10]   7900/55629 | match=3945 not_found=3955 err=0
[03:00:01]   7950/55629 | match=3967 not_found=3983 err=0
[03:04:23]   8000/55629 | match=4007 not_found=3993 err=0
[03:05:18]   8050/55629 | match=4052 not_found=3998 err=0
[03:06:15]   8100/55629 | match=4085 not_found=4015 err=0
[03:07:06]   8150/55629 | match=4125 not_found=4025 err=0
[03:08:01]   8200/55629 | match=4158 not_found=4042 err=0
[03:08:56]   8250/55629 | match=4173 not_found=4077 err=0
[03:09:51]   8300/55629 | match=4205 not_found=4095 err=0
[03:10:49]   8350/55629 | match=4205 not_found=4145 err=0
[03:11:46]   8400/55629 | match=4246 not_found=4154 err=0
[03:12:43]   8450/55629 | match=4293 not_found=4157 err=0
[03:13:33]   8500/55629 | match=4340 not_found=4160 err=0
[03:14:28]   8550/55629 | match=4378 not_found=4172 err=0
[03:15:35]   8600/55629 | match=4426 not_found=4174 err=0
[03:16:28]   8650/55629 | match=4472 not_found=4178 err=0
[03:17:23]   8700/55629 | match=4517 not_found=4183 err=0
[03:18:19]   8750/55629 | match=4564 not_found=4186 err=0
[03:19:15]   8800/55629 | match=4609 not_found=4191 err=0
[03:20:11]   8850/55629 | match=4654 not_found=4196 err=0
[03:21:07]   8900/55629 | match=4700 not_found=4200 err=0
[03:22:00]   8950/55629 | match=4750 not_found=4200 err=0
[03:22:57]   9000/55629 | match=4795 not_found=4205 err=0
[03:23:51]   9050/55629 | match=4841 not_found=4209 err=0
[03:24:44]   9100/55629 | match=4846 not_found=4254 err=0
[03:25:39]   9150/55629 | match=4846 not_found=4304 err=0
[03:26:32]   9200/55629 | match=4846 not_found=4354 err=0
[03:27:28]   9250/55629 | match=4846 not_found=4404 err=0
[03:28:24]   9300/55629 | match=4846 not_found=4454 err=0
[03:29:20]   9350/55629 | match=4846 not_found=4504 err=0
[03:30:30]   9400/55629 | match=4846 not_found=4554 err=0
[03:31:29]   9450/55629 | match=4846 not_found=4604 err=0
[03:32:25]   9500/55629 | match=4847 not_found=4653 err=0
[03:33:23]   9550/55629 | match=4859 not_found=4691 err=0
[03:34:17]   9600/55629 | match=4859 not_found=4741 err=0
[03:35:16]   9650/55629 | match=4861 not_found=4789 err=0
[03:36:07]   9700/55629 | match=4864 not_found=4836 err=0
[03:37:00]   9750/55629 | match=4866 not_found=4884 err=0
[03:37:56]   9800/55629 | match=4866 not_found=4934 err=0
[03:38:52]   9850/55629 | match=4867 not_found=4983 err=0
[03:39:48]   9900/55629 | match=4868 not_found=5032 err=0
[03:40:51]   9950/55629 | match=4868 not_found=5082 err=0
[03:41:49]   10000/55629 | match=4868 not_found=5132 err=0
[03:42:46]   10050/55629 | match=4868 not_found=5182 err=0
[03:43:42]   10100/55629 | match=4868 not_found=5232 err=0
[03:44:34]   10150/55629 | match=4868 not_found=5282 err=0
[03:45:49]   10200/55629 | match=4870 not_found=5330 err=0
[03:46:42]   10250/55629 | match=4875 not_found=5375 err=0
[03:47:36]   10300/55629 | match=4882 not_found=5418 err=0
[03:48:32]   10350/55629 | match=4882 not_found=5468 err=0
[03:49:27]   10400/55629 | match=4892 not_found=5508 err=0
[03:50:24]   10450/55629 | match=4896 not_found=5554 err=0
[03:51:18]   10500/55629 | match=4898 not_found=5602 err=0
[03:52:13]   10550/55629 | match=4898 not_found=5652 err=0
[03:53:10]   10600/55629 | match=4901 not_found=5699 err=0
[03:54:04]   10650/55629 | match=4904 not_found=5746 err=0
[03:55:00]   10700/55629 | match=4916 not_found=5784 err=0
[03:55:54]   10750/55629 | match=4919 not_found=5831 err=0
[03:56:45]   10800/55629 | match=4920 not_found=5880 err=0
[03:57:41]   10850/55629 | match=4920 not_found=5930 err=0
[03:58:37]   10900/55629 | match=4921 not_found=5979 err=0
[03:59:32]   10950/55629 | match=4925 not_found=6025 err=0
[04:02:26]   11000/55629 | match=4940 not_found=6060 err=0
[04:04:14]   11050/55629 | match=4942 not_found=6108 err=0
[04:05:10]   11100/55629 | match=4943 not_found=6157 err=0
[04:06:06]   11150/55629 | match=4944 not_found=6206 err=0
[04:07:02]   11200/55629 | match=4957 not_found=6243 err=0
[04:07:50]   11250/55629 | match=4957 not_found=6293 err=0
[04:08:42]   11300/55629 | match=4957 not_found=6343 err=0
[04:09:35]   11350/55629 | match=4957 not_found=6393 err=0
[04:10:31]   11400/55629 | match=4957 not_found=6443 err=0
[04:11:28]   11450/55629 | match=4960 not_found=6490 err=0
[04:12:26]   11500/55629 | match=4964 not_found=6536 err=0
[04:13:23]   11550/55629 | match=4968 not_found=6582 err=0
[04:14:19]   11600/55629 | match=4971 not_found=6629 err=0
[04:15:27]   11650/55629 | match=4978 not_found=6672 err=0
[04:16:30]   11700/55629 | match=4986 not_found=6714 err=0
[04:17:25]   11750/55629 | match=4996 not_found=6754 err=0
[04:18:21]   11800/55629 | match=4999 not_found=6801 err=0
[04:19:16]   11850/55629 | match=5011 not_found=6839 err=0
[04:20:16]   11900/55629 | match=5051 not_found=6849 err=0
[04:21:11]   11950/55629 | match=5071 not_found=6879 err=0
[04:22:06]   12000/55629 | match=5120 not_found=6880 err=0
[04:22:58]   12050/55629 | match=5156 not_found=6894 err=0
[04:23:54]   12100/55629 | match=5199 not_found=6901 err=0
[04:24:50]   12150/55629 | match=5247 not_found=6903 err=0
[04:25:44]   12200/55629 | match=5280 not_found=6920 err=0
[04:26:41]   12250/55629 | match=5305 not_found=6945 err=0
[04:27:37]   12300/55629 | match=5350 not_found=6950 err=0
[04:28:32]   12350/55629 | match=5387 not_found=6963 err=0
[04:29:27]   12400/55629 | match=5403 not_found=6997 err=0
[04:30:34]   12450/55629 | match=5450 not_found=7000 err=0
[04:31:52]   12500/55629 | match=5484 not_found=7016 err=0
[04:32:59]   12550/55629 | match=5534 not_found=7016 err=0
[04:33:57]   12600/55629 | match=5567 not_found=7033 err=0
[04:34:54]   12650/55629 | match=5568 not_found=7082 err=0
[04:37:18]   12700/55629 | match=5598 not_found=7102 err=0
[04:37:56]   12750/55629 | match=5625 not_found=7125 err=0
[04:38:15]   ERROR M8CONNECTORNG: [Errno 60] Operation timed out
[04:38:53]   12800/55629 | match=5666 not_found=7133 err=1
[04:39:51]   12850/55629 | match=5708 not_found=7141 err=1
[04:40:52]   12900/55629 | match=5756 not_found=7143 err=1
[04:41:48]   12950/55629 | match=5804 not_found=7145 err=1
[04:42:45]   13000/55629 | match=5853 not_found=7146 err=1
[04:43:41]   13050/55629 | match=5903 not_found=7146 err=1
[04:44:38]   13100/55629 | match=5953 not_found=7146 err=1
[04:45:43]   13150/55629 | match=6002 not_found=7147 err=1
[04:46:38]   13200/55629 | match=6052 not_found=7147 err=1
[04:47:27]   13250/55629 | match=6102 not_found=7147 err=1
[04:48:52]   13300/55629 | match=6125 not_found=7174 err=1
[04:51:08]   13350/55629 | match=6162 not_found=7187 err=1
[04:52:03]   13400/55629 | match=6199 not_found=7200 err=1
[04:53:14]   13450/55629 | match=6242 not_found=7207 err=1
[04:54:08]   13500/55629 | match=6273 not_found=7226 err=1
[04:55:00]   13550/55629 | match=6278 not_found=7271 err=1
[04:55:54]   13600/55629 | match=6320 not_found=7279 err=1
[04:57:08]   13650/55629 | match=6356 not_found=7293 err=1
[04:58:14]   13700/55629 | match=6404 not_found=7295 err=1
[04:59:11]   13750/55629 | match=6450 not_found=7299 err=1
[05:00:25]   13800/55629 | match=6493 not_found=7306 err=1
[05:04:09]   13850/55629 | match=6542 not_found=7307 err=1
[05:04:54]   13900/55629 | match=6587 not_found=7312 err=1
[05:06:19]   13950/55629 | match=6632 not_found=7317 err=1
[05:07:22]   14000/55629 | match=6680 not_found=7319 err=1
[05:08:17]   14050/55629 | match=6708 not_found=7341 err=1
[05:09:14]   14100/55629 | match=6752 not_found=7347 err=1
[05:10:09]   14150/55629 | match=6798 not_found=7351 err=1
[05:11:02]   14200/55629 | match=6830 not_found=7369 err=1
[05:12:02]   14250/55629 | match=6868 not_found=7381 err=1
[05:12:56]   14300/55629 | match=6918 not_found=7381 err=1
[05:13:50]   14350/55629 | match=6949 not_found=7400 err=1
[05:14:43]   14400/55629 | match=6995 not_found=7404 err=1
[05:15:40]   14450/55629 | match=7026 not_found=7423 err=1
[05:16:36]   14500/55629 | match=7059 not_found=7440 err=1
[05:17:31]   14550/55629 | match=7093 not_found=7456 err=1
[05:18:25]   14600/55629 | match=7120 not_found=7479 err=1
[05:19:22]   14650/55629 | match=7149 not_found=7500 err=1
[05:20:19]   14700/55629 | match=7199 not_found=7500 err=1
[05:21:18]   14750/55629 | match=7248 not_found=7501 err=1
[05:22:13]   14800/55629 | match=7289 not_found=7510 err=1
[05:23:07]   14850/55629 | match=7294 not_found=7555 err=1
[05:24:02]   14900/55629 | match=7326 not_found=7573 err=1
[05:24:57]   14950/55629 | match=7375 not_found=7574 err=1
[05:25:49]   15000/55629 | match=7411 not_found=7588 err=1
[05:26:44]   15050/55629 | match=7451 not_found=7598 err=1
[05:27:39]   15100/55629 | match=7496 not_found=7603 err=1
[05:28:35]   15150/55629 | match=7543 not_found=7606 err=1
[05:29:32]   15200/55629 | match=7583 not_found=7616 err=1
[05:30:37]   15250/55629 | match=7620 not_found=7629 err=1
[05:31:37]   15300/55629 | match=7660 not_found=7639 err=1
[05:32:32]   15350/55629 | match=7708 not_found=7641 err=1
[05:33:29]   15400/55629 | match=7754 not_found=7645 err=1
[05:34:26]   15450/55629 | match=7803 not_found=7646 err=1
[05:35:24]   15500/55629 | match=7815 not_found=7684 err=1
[05:36:18]   15550/55629 | match=7852 not_found=7697 err=1
[05:37:11]   15600/55629 | match=7895 not_found=7704 err=1
[05:38:03]   15650/55629 | match=7939 not_found=7710 err=1
[05:38:57]   15700/55629 | match=7979 not_found=7720 err=1
[05:39:51]   15750/55629 | match=8027 not_found=7722 err=1
[05:40:54]   15800/55629 | match=8072 not_found=7727 err=1
[05:41:50]   15850/55629 | match=8116 not_found=7733 err=1
[05:42:46]   15900/55629 | match=8152 not_found=7747 err=1
[05:43:42]   15950/55629 | match=8198 not_found=7751 err=1
[05:44:39]   16000/55629 | match=8246 not_found=7753 err=1
[05:45:50]   16050/55629 | match=8293 not_found=7756 err=1
[05:46:45]   16100/55629 | match=8340 not_found=7759 err=1
[05:47:39]   16150/55629 | match=8389 not_found=7760 err=1
[05:48:27]   16200/55629 | match=8433 not_found=7766 err=1
[05:49:23]   16250/55629 | match=8481 not_found=7768 err=1
[05:50:20]   16300/55629 | match=8531 not_found=7768 err=1
[05:51:17]   16350/55629 | match=8566 not_found=7783 err=1
[05:52:11]   16400/55629 | match=8604 not_found=7795 err=1
[05:53:11]   16450/55629 | match=8654 not_found=7795 err=1
[05:54:06]   16500/55629 | match=8704 not_found=7795 err=1
[05:55:00]   16550/55629 | match=8754 not_found=7795 err=1
[05:55:56]   16600/55629 | match=8802 not_found=7797 err=1
[05:56:51]   16650/55629 | match=8846 not_found=7803 err=1
[05:57:44]   16700/55629 | match=8889 not_found=7810 err=1
[05:58:34]   16750/55629 | match=8928 not_found=7821 err=1
[05:59:30]   16800/55629 | match=8967 not_found=7832 err=1
[06:02:28]   16850/55629 | match=9015 not_found=7834 err=1
[06:04:11]   16900/55629 | match=9053 not_found=7846 err=1
[06:05:08]   16950/55629 | match=9085 not_found=7864 err=1
[06:06:04]   17000/55629 | match=9126 not_found=7873 err=1
[06:07:00]   17050/55629 | match=9174 not_found=7875 err=1
[06:07:47]   17100/55629 | match=9222 not_found=7877 err=1
[06:08:37]   17150/55629 | match=9271 not_found=7878 err=1
[06:09:37]   17200/55629 | match=9314 not_found=7885 err=1
[06:10:34]   17250/55629 | match=9364 not_found=7885 err=1
[06:11:29]   17300/55629 | match=9393 not_found=7906 err=1
[06:12:26]   17350/55629 | match=9425 not_found=7924 err=1
[06:13:24]   17400/55629 | match=9473 not_found=7926 err=1
[06:14:20]   17450/55629 | match=9511 not_found=7938 err=1
[06:15:21]   17500/55629 | match=9552 not_found=7947 err=1
[06:16:21]   17550/55629 | match=9601 not_found=7948 err=1
[06:17:17]   17600/55629 | match=9650 not_found=7949 err=1
[06:18:11]   17650/55629 | match=9698 not_found=7951 err=1
[06:19:08]   17700/55629 | match=9743 not_found=7956 err=1
[06:20:04]   17750/55629 | match=9779 not_found=7970 err=1
[06:21:02]   17800/55629 | match=9790 not_found=8009 err=1
[06:21:58]   17850/55629 | match=9810 not_found=8039 err=1
[06:22:54]   17900/55629 | match=9844 not_found=8055 err=1
[06:23:48]   17950/55629 | match=9873 not_found=8076 err=1
[06:24:41]   18000/55629 | match=9914 not_found=8085 err=1
[06:25:35]   18050/55629 | match=9962 not_found=8087 err=1
[06:26:29]   18100/55629 | match=10009 not_found=8090 err=1
[06:27:24]   18150/55629 | match=10039 not_found=8110 err=1
[06:28:20]   18200/55629 | match=10078 not_found=8121 err=1
[06:29:17]   18250/55629 | match=10112 not_found=8137 err=1
[06:30:16]   18300/55629 | match=10153 not_found=8146 err=1
[06:31:52]   18350/55629 | match=10169 not_found=8180 err=1
[06:32:53]   18400/55629 | match=10196 not_found=8203 err=1
[06:33:50]   18450/55629 | match=10210 not_found=8239 err=1
[06:34:47]   18500/55629 | match=10210 not_found=8289 err=1
[06:35:50]   18550/55629 | match=10210 not_found=8339 err=1
[06:36:48]   18600/55629 | match=10210 not_found=8389 err=1
[06:37:45]   18650/55629 | match=10210 not_found=8439 err=1
[06:38:42]   18700/55629 | match=10210 not_found=8489 err=1
[06:39:33]   18750/55629 | match=10210 not_found=8539 err=1
[06:40:29]   18800/55629 | match=10210 not_found=8589 err=1
[06:41:20]   18850/55629 | match=10210 not_found=8639 err=1
[06:42:12]   18900/55629 | match=10210 not_found=8689 err=1
[06:43:05]   18950/55629 | match=10210 not_found=8739 err=1
[06:44:02]   19000/55629 | match=10210 not_found=8789 err=1
[06:45:00]   19050/55629 | match=10210 not_found=8839 err=1
[06:46:15]   19100/55629 | match=10210 not_found=8889 err=1
[06:47:12]   19150/55629 | match=10210 not_found=8939 err=1
[06:48:08]   19200/55629 | match=10210 not_found=8989 err=1
[06:49:09]   19250/55629 | match=10210 not_found=9039 err=1
[06:50:04]   19300/55629 | match=10210 not_found=9089 err=1
[06:50:57]   19350/55629 | match=10210 not_found=9139 err=1
[06:51:51]   19400/55629 | match=10210 not_found=9189 err=1
[06:52:44]   19450/55629 | match=10210 not_found=9239 err=1
[06:53:37]   19500/55629 | match=10211 not_found=9288 err=1
[06:54:34]   19550/55629 | match=10211 not_found=9338 err=1
[06:55:31]   19600/55629 | match=10211 not_found=9388 err=1
[06:56:27]   19650/55629 | match=10213 not_found=9436 err=1
[06:57:25]   19700/55629 | match=10213 not_found=9486 err=1
[06:58:19]   19750/55629 | match=10213 not_found=9536 err=1
[06:59:14]   19800/55629 | match=10213 not_found=9586 err=1
[07:00:14]   19850/55629 | match=10213 not_found=9636 err=1
[07:06:04]   19900/55629 | match=10226 not_found=9673 err=1
[07:07:17]   19950/55629 | match=10235 not_found=9714 err=1
[07:08:16]   20000/55629 | match=10257 not_found=9742 err=1
[07:09:13]   20050/55629 | match=10257 not_found=9792 err=1
[07:10:10]   20100/55629 | match=10257 not_found=9842 err=1
[07:11:06]   20150/55629 | match=10257 not_found=9892 err=1
[07:12:04]   20200/55629 | match=10268 not_found=9931 err=1
[07:12:58]   20250/55629 | match=10278 not_found=9971 err=1
[07:13:47]   20300/55629 | match=10278 not_found=10021 err=1
[07:14:35]   20350/55629 | match=10278 not_found=10071 err=1
[07:15:46]   20400/55629 | match=10278 not_found=10121 err=1
[07:16:42]   20450/55629 | match=10278 not_found=10171 err=1
[07:17:37]   20500/55629 | match=10281 not_found=10218 err=1
[07:18:31]   20550/55629 | match=10318 not_found=10231 err=1
[07:19:26]   20600/55629 | match=10360 not_found=10239 err=1
[07:20:22]   20650/55629 | match=10379 not_found=10270 err=1
[07:21:18]   20700/55629 | match=10391 not_found=10308 err=1
[07:22:11]   20750/55629 | match=10430 not_found=10319 err=1
[07:23:06]   20800/55629 | match=10474 not_found=10325 err=1
[07:24:01]   20850/55629 | match=10521 not_found=10328 err=1
[07:24:56]   20900/55629 | match=10568 not_found=10331 err=1
[07:25:51]   20950/55629 | match=10613 not_found=10336 err=1
[07:26:47]   21000/55629 | match=10657 not_found=10342 err=1
[07:27:42]   21050/55629 | match=10707 not_found=10342 err=1
[07:28:36]   21100/55629 | match=10754 not_found=10345 err=1
[07:29:31]   21150/55629 | match=10801 not_found=10348 err=1
[07:30:44]   21200/55629 | match=10842 not_found=10357 err=1
[07:31:54]   21250/55629 | match=10879 not_found=10370 err=1
[07:32:48]   21300/55629 | match=10909 not_found=10390 err=1
[07:33:42]   21350/55629 | match=10926 not_found=10423 err=1
[07:34:43]   21400/55629 | match=10968 not_found=10431 err=1
[07:35:43]   21450/55629 | match=10992 not_found=10457 err=1
[07:36:44]   21500/55629 | match=11025 not_found=10474 err=1
[07:37:40]   21550/55629 | match=11056 not_found=10493 err=1
[07:38:36]   21600/55629 | match=11094 not_found=10505 err=1
[07:39:28]   21650/55629 | match=11142 not_found=10507 err=1
[07:40:35]   21700/55629 | match=11165 not_found=10534 err=1
[07:41:30]   21750/55629 | match=11210 not_found=10539 err=1
[07:42:22]   21800/55629 | match=11259 not_found=10540 err=1
[07:43:16]   21850/55629 | match=11294 not_found=10555 err=1
[07:44:11]   21900/55629 | match=11331 not_found=10568 err=1
[07:45:10]   21950/55629 | match=11349 not_found=10600 err=1
[07:46:20]   22000/55629 | match=11349 not_found=10650 err=1
[07:47:16]   22050/55629 | match=11365 not_found=10684 err=1
[07:48:11]   22100/55629 | match=11378 not_found=10721 err=1
[07:49:07]   22150/55629 | match=11384 not_found=10765 err=1
[07:50:01]   22200/55629 | match=11384 not_found=10815 err=1
[07:50:57]   22250/55629 | match=11384 not_found=10865 err=1
[07:51:51]   22300/55629 | match=11385 not_found=10914 err=1
[07:52:43]   22350/55629 | match=11385 not_found=10964 err=1
[07:53:37]   22400/55629 | match=11392 not_found=11007 err=1
[07:54:33]   22450/55629 | match=11400 not_found=11049 err=1
[07:55:31]   22500/55629 | match=11407 not_found=11092 err=1
[07:56:25]   22550/55629 | match=11413 not_found=11136 err=1
[07:57:22]   22600/55629 | match=11450 not_found=11149 err=1
[07:58:19]   22650/55629 | match=11463 not_found=11186 err=1
[07:59:11]   22700/55629 | match=11512 not_found=11187 err=1
[08:00:47]   22750/55629 | match=11547 not_found=11202 err=1
[08:04:12]   22800/55629 | match=11590 not_found=11209 err=1
[08:05:12]   22850/55629 | match=11606 not_found=11243 err=1
[08:06:08]   22900/55629 | match=11606 not_found=11293 err=1
[08:07:03]   22950/55629 | match=11646 not_found=11303 err=1
[08:07:49]   23000/55629 | match=11682 not_found=11317 err=1
[08:08:45]   23050/55629 | match=11707 not_found=11342 err=1
[08:09:41]   23100/55629 | match=11754 not_found=11345 err=1
[08:10:42]   23150/55629 | match=11792 not_found=11357 err=1
[08:11:39]   23200/55629 | match=11837 not_found=11362 err=1
[08:12:38]   23250/55629 | match=11881 not_found=11368 err=1
[08:13:32]   23300/55629 | match=11923 not_found=11376 err=1
[08:14:27]   23350/55629 | match=11953 not_found=11396 err=1
[08:15:38]   23400/55629 | match=11993 not_found=11406 err=1
[08:16:42]   23450/55629 | match=12037 not_found=11412 err=1
[08:17:45]   23500/55629 | match=12075 not_found=11424 err=1
[08:18:42]   23550/55629 | match=12080 not_found=11469 err=1
[08:19:38]   23600/55629 | match=12094 not_found=11505 err=1
[08:20:34]   23650/55629 | match=12107 not_found=11542 err=1
[08:21:30]   23700/55629 | match=12112 not_found=11587 err=1
[08:22:26]   23750/55629 | match=12155 not_found=11594 err=1
[08:23:21]   23800/55629 | match=12199 not_found=11600 err=1
[08:24:13]   23850/55629 | match=12242 not_found=11607 err=1
[08:25:05]   23900/55629 | match=12281 not_found=11618 err=1
[08:26:01]   23950/55629 | match=12329 not_found=11620 err=1
[08:26:57]   24000/55629 | match=12368 not_found=11631 err=1
[08:27:51]   24050/55629 | match=12398 not_found=11651 err=1
[08:28:46]   24100/55629 | match=12443 not_found=11656 err=1
[08:29:43]   24150/55629 | match=12468 not_found=11681 err=1
[08:31:04]   24200/55629 | match=12491 not_found=11708 err=1
[08:32:24]   24250/55629 | match=12533 not_found=11716 err=1
[08:33:06]   24300/55629 | match=12565 not_found=11734 err=1
[08:34:02]   24350/55629 | match=12598 not_found=11751 err=1
[08:34:59]   24400/55629 | match=12601 not_found=11798 err=1
[08:36:01]   24450/55629 | match=12605 not_found=11844 err=1
[08:37:01]   24500/55629 | match=12611 not_found=11888 err=1
[08:37:58]   24550/55629 | match=12614 not_found=11935 err=1
[08:38:55]   24600/55629 | match=12619 not_found=11980 err=1
[08:39:52]   24650/55629 | match=12619 not_found=12030 err=1
[08:40:56]   24700/55629 | match=12619 not_found=12080 err=1
[08:41:51]   24750/55629 | match=12619 not_found=12130 err=1
[08:42:47]   24800/55629 | match=12654 not_found=12145 err=1
[08:43:41]   24850/55629 | match=12656 not_found=12193 err=1
[08:44:36]   24900/55629 | match=12686 not_found=12213 err=1
[08:45:43]   24950/55629 | match=12719 not_found=12230 err=1
[08:46:42]   25000/55629 | match=12744 not_found=12255 err=1
[08:47:35]   25050/55629 | match=12787 not_found=12262 err=1
[08:48:27]   25100/55629 | match=12817 not_found=12282 err=1
[08:49:22]   25150/55629 | match=12849 not_found=12300 err=1
[08:50:20]   25200/55629 | match=12892 not_found=12307 err=1
[08:51:14]   25250/55629 | match=12930 not_found=12319 err=1
[08:52:09]   25300/55629 | match=12972 not_found=12327 err=1
[08:53:04]   25350/55629 | match=12999 not_found=12350 err=1
[08:54:00]   25400/55629 | match=13013 not_found=12386 err=1
[08:54:56]   25450/55629 | match=13059 not_found=12390 err=1
[08:55:53]   25500/55629 | match=13091 not_found=12408 err=1
[08:56:46]   25550/55629 | match=13133 not_found=12416 err=1
[08:57:40]   25600/55629 | match=13149 not_found=12450 err=1
[08:58:33]   25650/55629 | match=13149 not_found=12500 err=1
[08:59:29]   25700/55629 | match=13149 not_found=12550 err=1
[09:02:11]   25750/55629 | match=13149 not_found=12600 err=1
[09:04:13]   25800/55629 | match=13149 not_found=12650 err=1
[09:05:07]   25850/55629 | match=13149 not_found=12700 err=1
[09:05:53]   25900/55629 | match=13149 not_found=12750 err=1
[09:06:44]   25950/55629 | match=13149 not_found=12800 err=1
[09:07:42]   26000/55629 | match=13149 not_found=12850 err=1
[09:08:39]   26050/55629 | match=13149 not_found=12900 err=1
[09:09:35]   26100/55629 | match=13149 not_found=12950 err=1
[09:10:32]   26150/55629 | match=13149 not_found=13000 err=1
[09:11:29]   26200/55629 | match=13149 not_found=13050 err=1
[09:12:25]   26250/55629 | match=13149 not_found=13100 err=1
[09:13:21]   26300/55629 | match=13149 not_found=13150 err=1
[09:14:19]   26350/55629 | match=13152 not_found=13197 err=1
[09:15:13]   26400/55629 | match=13166 not_found=13233 err=1
[09:15:58]   26450/55629 | match=13168 not_found=13281 err=1
[09:16:54]   26500/55629 | match=13168 not_found=13331 err=1
[09:17:51]   26550/55629 | match=13168 not_found=13381 err=1
[09:18:49]   26600/55629 | match=13168 not_found=13431 err=1
[09:19:45]   26650/55629 | match=13168 not_found=13481 err=1
[09:20:42]   26700/55629 | match=13168 not_found=13531 err=1
[09:21:39]   26750/55629 | match=13168 not_found=13581 err=1
[09:22:36]   26800/55629 | match=13187 not_found=13612 err=1
[09:23:27]   26850/55629 | match=13194 not_found=13655 err=1
[09:24:22]   26900/55629 | match=13211 not_found=13688 err=1
[09:25:17]   26950/55629 | match=13211 not_found=13738 err=1
[09:26:10]   27000/55629 | match=13240 not_found=13759 err=1
[09:27:07]   27050/55629 | match=13286 not_found=13763 err=1
[09:28:03]   27100/55629 | match=13330 not_found=13769 err=1
[09:28:59]   27150/55629 | match=13365 not_found=13784 err=1
[09:29:56]   27200/55629 | match=13367 not_found=13832 err=1
[09:31:08]   27250/55629 | match=13407 not_found=13842 err=1
[09:32:23]   27300/55629 | match=13449 not_found=13850 err=1
[09:33:19]   27350/55629 | match=13469 not_found=13880 err=1
[09:34:12]   27400/55629 | match=13469 not_found=13930 err=1
[09:35:11]   27450/55629 | match=13469 not_found=13980 err=1
[09:36:03]   27500/55629 | match=13474 not_found=14025 err=1
[09:37:00]   27550/55629 | match=13474 not_found=14075 err=1
[09:37:58]   27600/55629 | match=13489 not_found=14110 err=1
[09:38:55]   27650/55629 | match=13490 not_found=14159 err=1
[09:39:52]   27700/55629 | match=13510 not_found=14189 err=1
[09:40:54]   27750/55629 | match=13530 not_found=14219 err=1
[09:41:50]   27800/55629 | match=13535 not_found=14264 err=1
[09:42:45]   27850/55629 | match=13580 not_found=14269 err=1
[09:43:43]   27900/55629 | match=13626 not_found=14273 err=1
[09:44:37]   27950/55629 | match=13672 not_found=14277 err=1
[09:45:53]   28000/55629 | match=13719 not_found=14280 err=1
[09:46:47]   28050/55629 | match=13765 not_found=14284 err=1
[09:47:41]   28100/55629 | match=13810 not_found=14289 err=1
[09:48:35]   28150/55629 | match=13850 not_found=14299 err=1
[09:49:33]   28200/55629 | match=13852 not_found=14347 err=1
[09:50:28]   28250/55629 | match=13854 not_found=14395 err=1
[09:51:24]   28300/55629 | match=13855 not_found=14444 err=1
[09:52:22]   28350/55629 | match=13903 not_found=14446 err=1
[09:53:14]   28400/55629 | match=13941 not_found=14458 err=1
[09:54:09]   28450/55629 | match=13990 not_found=14459 err=1
[09:55:04]   28500/55629 | match=14038 not_found=14461 err=1
[09:56:00]   28550/55629 | match=14088 not_found=14461 err=1
[09:56:52]   28600/55629 | match=14137 not_found=14462 err=1
[09:57:48]   28650/55629 | match=14182 not_found=14467 err=1
[09:58:43]   28700/55629 | match=14232 not_found=14467 err=1
[09:59:37]   28750/55629 | match=14282 not_found=14467 err=1
[10:02:25]   28800/55629 | match=14326 not_found=14473 err=1
[10:04:09]   28850/55629 | match=14349 not_found=14500 err=1
[10:05:07]   28900/55629 | match=14349 not_found=14550 err=1
[10:06:43]   28950/55629 | match=14349 not_found=14600 err=1
[10:08:27]   29000/55629 | match=14350 not_found=14649 err=1
[10:09:27]   29050/55629 | match=14350 not_found=14699 err=1
[10:10:27]   29100/55629 | match=14371 not_found=14728 err=1
[10:11:21]   29150/55629 | match=14400 not_found=14749 err=1
[10:12:25]   29200/55629 | match=14431 not_found=14768 err=1
[10:13:18]   29250/55629 | match=14452 not_found=14797 err=1
[10:14:15]   29300/55629 | match=14473 not_found=14826 err=1
[10:15:12]   29350/55629 | match=14491 not_found=14858 err=1
[10:16:19]   29400/55629 | match=14510 not_found=14889 err=1
[10:17:25]   29450/55629 | match=14554 not_found=14895 err=1
[10:18:21]   29500/55629 | match=14571 not_found=14928 err=1
[10:19:15]   29550/55629 | match=14574 not_found=14975 err=1
[10:20:10]   29600/55629 | match=14620 not_found=14979 err=1
[10:21:05]   29650/55629 | match=14666 not_found=14983 err=1
[10:22:00]   29700/55629 | match=14712 not_found=14987 err=1
[10:22:51]   29750/55629 | match=14756 not_found=14993 err=1
[10:23:50]   29800/55629 | match=14803 not_found=14996 err=1
[10:24:45]   29850/55629 | match=14845 not_found=15004 err=1
[10:25:37]   29900/55629 | match=14893 not_found=15006 err=1
[10:26:33]   29950/55629 | match=14925 not_found=15024 err=1
[10:27:32]   30000/55629 | match=14958 not_found=15041 err=1
[10:28:27]   30050/55629 | match=15006 not_found=15043 err=1
[10:29:20]   30100/55629 | match=15051 not_found=15048 err=1
[10:30:17]   30150/55629 | match=15096 not_found=15053 err=1
[10:31:43]   30200/55629 | match=15144 not_found=15055 err=1
[10:32:49]   30250/55629 | match=15193 not_found=15056 err=1
[10:33:47]   30300/55629 | match=15240 not_found=15059 err=1
[10:34:45]   30350/55629 | match=15283 not_found=15066 err=1
[10:35:53]   30400/55629 | match=15327 not_found=15072 err=1
[10:36:49]   30450/55629 | match=15374 not_found=15075 err=1
[10:37:45]   30500/55629 | match=15424 not_found=15075 err=1
[10:38:40]   30550/55629 | match=15467 not_found=15082 err=1
[10:39:30]   30600/55629 | match=15496 not_found=15103 err=1
[10:40:35]   30650/55629 | match=15546 not_found=15103 err=1
[10:41:32]   30700/55629 | match=15596 not_found=15103 err=1
[10:42:23]   30750/55629 | match=15636 not_found=15113 err=1
[10:43:16]   30800/55629 | match=15681 not_found=15118 err=1
[10:44:09]   30850/55629 | match=15726 not_found=15123 err=1
[10:45:07]   30900/55629 | match=15765 not_found=15134 err=1
[10:46:30]   30950/55629 | match=15804 not_found=15145 err=1
[10:47:27]   31000/55629 | match=15853 not_found=15146 err=1
[10:48:33]   31050/55629 | match=15870 not_found=15179 err=1
[10:49:26]   31100/55629 | match=15874 not_found=15225 err=1
[10:50:20]   31150/55629 | match=15886 not_found=15263 err=1
[10:51:22]   31200/55629 | match=15895 not_found=15304 err=1
[10:52:18]   31250/55629 | match=15895 not_found=15354 err=1
[10:53:16]   31300/55629 | match=15895 not_found=15404 err=1
[10:54:14]   31350/55629 | match=15897 not_found=15452 err=1
[10:55:09]   31400/55629 | match=15897 not_found=15502 err=1
[10:56:04]   31450/55629 | match=15898 not_found=15551 err=1
[10:56:59]   31500/55629 | match=15905 not_found=15594 err=1
[10:57:55]   31550/55629 | match=15906 not_found=15643 err=1
[10:58:44]   31600/55629 | match=15926 not_found=15673 err=1
[10:59:40]   31650/55629 | match=15938 not_found=15711 err=1
[11:03:14]   31700/55629 | match=15950 not_found=15749 err=1
[11:04:41]   31750/55629 | match=15979 not_found=15770 err=1
[11:05:53]   31800/55629 | match=15979 not_found=15820 err=1
[11:06:46]   31850/55629 | match=15981 not_found=15868 err=1
[11:07:44]   31900/55629 | match=16025 not_found=15874 err=1
[11:08:41]   31950/55629 | match=16069 not_found=15880 err=1
[11:09:45]   32000/55629 | match=16098 not_found=15901 err=1
[11:10:37]   32050/55629 | match=16137 not_found=15912 err=1
[11:11:32]   32100/55629 | match=16176 not_found=15923 err=1
[11:12:22]   32150/55629 | match=16216 not_found=15933 err=1
[11:13:17]   32200/55629 | match=16259 not_found=15940 err=1
[11:14:13]   32250/55629 | match=16306 not_found=15943 err=1
[11:15:12]   32300/55629 | match=16356 not_found=15943 err=1
[11:16:06]   32350/55629 | match=16405 not_found=15944 err=1
[11:17:02]   32400/55629 | match=16449 not_found=15950 err=1
[11:17:58]   32450/55629 | match=16499 not_found=15950 err=1
[11:18:54]   32500/55629 | match=16521 not_found=15978 err=1
[11:19:49]   32550/55629 | match=16567 not_found=15982 err=1
[11:20:42]   32600/55629 | match=16612 not_found=15987 err=1
[11:21:38]   32650/55629 | match=16660 not_found=15989 err=1
[11:22:32]   32700/55629 | match=16709 not_found=15990 err=1
[11:23:28]   32750/55629 | match=16758 not_found=15991 err=1
[11:24:24]   32800/55629 | match=16804 not_found=15995 err=1
[11:25:17]   32850/55629 | match=16854 not_found=15995 err=1
[11:26:11]   32900/55629 | match=16899 not_found=16000 err=1
[11:27:07]   32950/55629 | match=16937 not_found=16012 err=1
[11:28:03]   33000/55629 | match=16983 not_found=16016 err=1
[11:29:00]   33050/55629 | match=17032 not_found=16017 err=1
[11:29:54]   33100/55629 | match=17076 not_found=16023 err=1
[11:31:02]   33150/55629 | match=17121 not_found=16028 err=1
[11:32:06]   33200/55629 | match=17148 not_found=16051 err=1
[11:33:01]   33250/55629 | match=17152 not_found=16097 err=1
[11:33:55]   33300/55629 | match=17153 not_found=16146 err=1
[11:34:50]   33350/55629 | match=17153 not_found=16196 err=1
[11:35:43]   33400/55629 | match=17163 not_found=16236 err=1
[11:36:41]   33450/55629 | match=17163 not_found=16286 err=1
[11:37:38]   33500/55629 | match=17163 not_found=16336 err=1
[11:38:38]   33550/55629 | match=17172 not_found=16377 err=1
[11:39:34]   33600/55629 | match=17173 not_found=16426 err=1
[11:40:29]   33650/55629 | match=17178 not_found=16471 err=1
[11:41:22]   33700/55629 | match=17200 not_found=16499 err=1
[11:42:28]   33750/55629 | match=17203 not_found=16546 err=1
[11:43:35]   33800/55629 | match=17203 not_found=16596 err=1
[11:44:30]   33850/55629 | match=17217 not_found=16632 err=1
[11:45:40]   33900/55629 | match=17220 not_found=16679 err=1
[11:46:30]   33950/55629 | match=17231 not_found=16718 err=1
[11:47:21]   34000/55629 | match=17244 not_found=16755 err=1
[11:48:19]   34050/55629 | match=17244 not_found=16805 err=1
[11:49:14]   34100/55629 | match=17246 not_found=16853 err=1
[11:50:12]   34150/55629 | match=17260 not_found=16889 err=1
[11:51:07]   34200/55629 | match=17274 not_found=16925 err=1
[11:52:02]   34250/55629 | match=17274 not_found=16975 err=1
[11:53:08]   34300/55629 | match=17275 not_found=17024 err=1
[11:54:28]   34350/55629 | match=17278 not_found=17071 err=1
[11:55:22]   34400/55629 | match=17282 not_found=17117 err=1
[11:56:16]   34450/55629 | match=17305 not_found=17144 err=1
[11:57:08]   34500/55629 | match=17346 not_found=17153 err=1
[11:58:04]   34550/55629 | match=17389 not_found=17160 err=1
[11:58:59]   34600/55629 | match=17438 not_found=17161 err=1
[11:59:55]   34650/55629 | match=17479 not_found=17170 err=1
[12:04:10]   34700/55629 | match=17491 not_found=17208 err=1
[12:06:47]   34750/55629 | match=17500 not_found=17249 err=1
[12:07:51]   34800/55629 | match=17515 not_found=17284 err=1
[12:08:46]   34850/55629 | match=17526 not_found=17323 err=1
[12:09:41]   34900/55629 | match=17551 not_found=17348 err=1
[12:10:37]   34950/55629 | match=17590 not_found=17359 err=1
[12:11:33]   35000/55629 | match=17611 not_found=17388 err=1
[12:12:26]   35050/55629 | match=17654 not_found=17395 err=1
[12:13:20]   35100/55629 | match=17696 not_found=17403 err=1
[12:14:16]   35150/55629 | match=17738 not_found=17411 err=1
[12:15:16]   35200/55629 | match=17783 not_found=17416 err=1
[12:16:19]   35250/55629 | match=17827 not_found=17422 err=1
[12:17:17]   35300/55629 | match=17858 not_found=17441 err=1
[12:18:11]   35350/55629 | match=17899 not_found=17450 err=1
[12:19:04]   35400/55629 | match=17929 not_found=17470 err=1
[12:20:11]   35450/55629 | match=17934 not_found=17515 err=1
[12:21:07]   35500/55629 | match=17937 not_found=17562 err=1
[12:22:03]   35550/55629 | match=17982 not_found=17567 err=1
[12:22:52]   35600/55629 | match=18030 not_found=17569 err=1
[12:23:52]   35650/55629 | match=18077 not_found=17572 err=1
[12:24:48]   35700/55629 | match=18119 not_found=17580 err=1
[12:25:43]   35750/55629 | match=18135 not_found=17614 err=1
[12:26:39]   35800/55629 | match=18151 not_found=17648 err=1
[12:27:33]   35850/55629 | match=18174 not_found=17675 err=1
[12:28:28]   35900/55629 | match=18182 not_found=17717 err=1
[12:29:23]   35950/55629 | match=18182 not_found=17767 err=1
[12:30:32]   36000/55629 | match=18221 not_found=17778 err=1
[12:31:58]   36050/55629 | match=18270 not_found=17779 err=1
[12:32:58]   36100/55629 | match=18316 not_found=17783 err=1
[12:33:54]   36150/55629 | match=18363 not_found=17786 err=1
[12:34:52]   36200/55629 | match=18412 not_found=17787 err=1
[12:36:03]   36250/55629 | match=18459 not_found=17790 err=1
[12:37:00]   36300/55629 | match=18509 not_found=17790 err=1
[12:37:56]   36350/55629 | match=18556 not_found=17793 err=1
[12:38:53]   36400/55629 | match=18604 not_found=17795 err=1
[12:39:49]   36450/55629 | match=18651 not_found=17798 err=1
[12:40:46]   36500/55629 | match=18695 not_found=17804 err=1
[12:41:47]   36550/55629 | match=18703 not_found=17846 err=1
[12:42:42]   36600/55629 | match=18726 not_found=17873 err=1
[12:43:35]   36650/55629 | match=18727 not_found=17922 err=1
[12:44:30]   36700/55629 | match=18736 not_found=17963 err=1
[12:45:38]   36750/55629 | match=18736 not_found=18013 err=1
[12:46:27]   36800/55629 | match=18737 not_found=18062 err=1
[12:47:17]   36850/55629 | match=18742 not_found=18107 err=1
[12:48:13]   36900/55629 | match=18779 not_found=18120 err=1
[12:49:10]   36950/55629 | match=18786 not_found=18163 err=1
[12:50:07]   37000/55629 | match=18830 not_found=18169 err=1
[12:51:04]   37050/55629 | match=18878 not_found=18171 err=1
[12:52:00]   37100/55629 | match=18926 not_found=18173 err=1
[12:52:55]   37150/55629 | match=18971 not_found=18178 err=1
[12:53:53]   37200/55629 | match=19017 not_found=18182 err=1
[12:54:50]   37250/55629 | match=19063 not_found=18186 err=1
[12:55:51]   37300/55629 | match=19110 not_found=18189 err=1
[12:56:45]   37350/55629 | match=19160 not_found=18189 err=1
[12:57:40]   37400/55629 | match=19207 not_found=18192 err=1
[12:58:37]   37450/55629 | match=19252 not_found=18197 err=1
[12:59:33]   37500/55629 | match=19298 not_found=18201 err=1
[13:02:42]   37550/55629 | match=19316 not_found=18233 err=1
[13:04:52]   37600/55629 | match=19318 not_found=18281 err=1
[13:05:52]   37650/55629 | match=19318 not_found=18331 err=1
[13:06:47]   37700/55629 | match=19333 not_found=18366 err=1
[13:07:42]   37750/55629 | match=19333 not_found=18416 err=1
[13:08:38]   37800/55629 | match=19354 not_found=18445 err=1
[13:09:32]   37850/55629 | match=19392 not_found=18457 err=1
[13:10:27]   37900/55629 | match=19394 not_found=18505 err=1
[13:11:22]   37950/55629 | match=19403 not_found=18546 err=1
[13:12:18]   38000/55629 | match=19415 not_found=18584 err=1
[13:13:13]   38050/55629 | match=19457 not_found=18592 err=1
[13:14:06]   38100/55629 | match=19484 not_found=18615 err=1
[13:15:01]   38150/55629 | match=19509 not_found=18640 err=1
[13:16:07]   38200/55629 | match=19556 not_found=18643 err=1
[13:17:08]   38250/55629 | match=19606 not_found=18643 err=1
[13:18:03]   38300/55629 | match=19656 not_found=18643 err=1
[13:18:57]   38350/55629 | match=19706 not_found=18643 err=1
[13:19:53]   38400/55629 | match=19756 not_found=18643 err=1
[13:20:47]   38450/55629 | match=19797 not_found=18652 err=1
[13:21:42]   38500/55629 | match=19802 not_found=18697 err=1
[13:22:37]   38550/55629 | match=19805 not_found=18744 err=1
[13:23:33]   38600/55629 | match=19825 not_found=18774 err=1
[13:24:28]   38650/55629 | match=19829 not_found=18820 err=1
[13:25:23]   38700/55629 | match=19857 not_found=18842 err=1
[13:26:19]   38750/55629 | match=19888 not_found=18861 err=1
[13:27:12]   38800/55629 | match=19933 not_found=18866 err=1
[13:28:07]   38850/55629 | match=19956 not_found=18893 err=1
[13:29:02]   38900/55629 | match=20005 not_found=18894 err=1
[13:30:02]   38950/55629 | match=20048 not_found=18901 err=1
[13:31:04]   39000/55629 | match=20085 not_found=18914 err=1
[13:32:03]   39050/55629 | match=20092 not_found=18957 err=1
[13:32:56]   39100/55629 | match=20094 not_found=19005 err=1
[13:33:52]   39150/55629 | match=20095 not_found=19054 err=1
[13:34:46]   39200/55629 | match=20102 not_found=19097 err=1
[13:35:45]   39250/55629 | match=20105 not_found=19144 err=1
[13:36:42]   39300/55629 | match=20106 not_found=19193 err=1
[13:37:38]   39350/55629 | match=20106 not_found=19243 err=1
[13:38:35]   39400/55629 | match=20106 not_found=19293 err=1
[13:39:31]   39450/55629 | match=20144 not_found=19305 err=1
[13:40:26]   39500/55629 | match=20167 not_found=19332 err=1
[13:41:17]   39550/55629 | match=20170 not_found=19379 err=1
[13:42:07]   39600/55629 | match=20183 not_found=19416 err=1
[13:43:07]   39650/55629 | match=20215 not_found=19434 err=1
[13:44:02]   39700/55629 | match=20222 not_found=19477 err=1
[13:45:01]   39750/55629 | match=20225 not_found=19524 err=1
[13:46:14]   39800/55629 | match=20226 not_found=19573 err=1
[13:47:12]   39850/55629 | match=20233 not_found=19616 err=1
[13:48:07]   39900/55629 | match=20244 not_found=19655 err=1
[13:49:03]   39950/55629 | match=20244 not_found=19705 err=1
[13:49:57]   40000/55629 | match=20292 not_found=19707 err=1
[13:50:51]   40050/55629 | match=20341 not_found=19708 err=1
[13:51:45]   40100/55629 | match=20363 not_found=19736 err=1
[13:52:40]   40150/55629 | match=20410 not_found=19739 err=1
[13:53:36]   40200/55629 | match=20456 not_found=19743 err=1
[13:54:33]   40250/55629 | match=20500 not_found=19749 err=1
[13:55:29]   40300/55629 | match=20542 not_found=19757 err=1
[13:56:26]   40350/55629 | match=20584 not_found=19765 err=1
[13:57:22]   40400/55629 | match=20623 not_found=19776 err=1
[13:58:18]   40450/55629 | match=20633 not_found=19816 err=1
[13:59:11]   40500/55629 | match=20670 not_found=19829 err=1
[14:00:02]   40550/55629 | match=20714 not_found=19835 err=1
[14:03:21]   40600/55629 | match=20757 not_found=19842 err=1
[14:04:52]   40650/55629 | match=20797 not_found=19852 err=1
[14:05:48]   40700/55629 | match=20846 not_found=19853 err=1
[14:06:44]   40750/55629 | match=20892 not_found=19857 err=1
[14:07:40]   40800/55629 | match=20920 not_found=19879 err=1
[14:08:41]   40850/55629 | match=20963 not_found=19886 err=1
[14:09:31]   40900/55629 | match=21011 not_found=19888 err=1
[14:10:27]   40950/55629 | match=21055 not_found=19894 err=1
[14:11:23]   41000/55629 | match=21102 not_found=19897 err=1
[14:12:34]   41050/55629 | match=21150 not_found=19899 err=1
[14:13:30]   41100/55629 | match=21194 not_found=19905 err=1
[14:14:25]   41150/55629 | match=21241 not_found=19908 err=1
[14:15:26]   41200/55629 | match=21288 not_found=19911 err=1
[14:16:40]   41250/55629 | match=21332 not_found=19917 err=1
[14:17:39]   41300/55629 | match=21378 not_found=19921 err=1
[14:18:36]   41350/55629 | match=21412 not_found=19937 err=1
[14:19:32]   41400/55629 | match=21456 not_found=19943 err=1
[14:20:27]   41450/55629 | match=21500 not_found=19949 err=1
[14:21:23]   41500/55629 | match=21541 not_found=19958 err=1
[14:22:17]   41550/55629 | match=21570 not_found=19979 err=1
[14:23:09]   41600/55629 | match=21607 not_found=19992 err=1
[14:24:05]   41650/55629 | match=21633 not_found=20016 err=1
[14:24:59]   41700/55629 | match=21683 not_found=20016 err=1
[14:25:55]   41750/55629 | match=21728 not_found=20021 err=1
[14:26:49]   41800/55629 | match=21775 not_found=20024 err=1
[14:27:45]   41850/55629 | match=21808 not_found=20041 err=1
[14:28:40]   41900/55629 | match=21828 not_found=20071 err=1
[14:29:37]   41950/55629 | match=21876 not_found=20073 err=1
[14:30:41]   42000/55629 | match=21926 not_found=20073 err=1
[14:32:04]   42050/55629 | match=21976 not_found=20073 err=1
[14:33:04]   42100/55629 | match=22024 not_found=20075 err=1
[14:34:00]   42150/55629 | match=22074 not_found=20075 err=1
[14:34:57]   42200/55629 | match=22118 not_found=20081 err=1
[14:36:10]   42250/55629 | match=22160 not_found=20089 err=1
[14:37:05]   42300/55629 | match=22201 not_found=20098 err=1
[14:38:02]   42350/55629 | match=22248 not_found=20101 err=1
[14:38:58]   42400/55629 | match=22256 not_found=20143 err=1
[14:39:54]   42450/55629 | match=22256 not_found=20193 err=1
[14:40:55]   42500/55629 | match=22256 not_found=20243 err=1
[14:41:50]   42550/55629 | match=22259 not_found=20290 err=1
[14:42:42]   42600/55629 | match=22269 not_found=20330 err=1
[14:43:46]   42650/55629 | match=22271 not_found=20378 err=1
[14:44:44]   42700/55629 | match=22293 not_found=20406 err=1
[14:45:46]   42750/55629 | match=22306 not_found=20443 err=1
[14:46:40]   42800/55629 | match=22336 not_found=20463 err=1
[14:47:33]   42850/55629 | match=22351 not_found=20498 err=1
[14:48:25]   42900/55629 | match=22382 not_found=20517 err=1
[14:49:18]   42950/55629 | match=22429 not_found=20520 err=1
[14:50:17]   43000/55629 | match=22471 not_found=20528 err=1
[14:51:21]   43050/55629 | match=22509 not_found=20540 err=1
[14:52:07]   43100/55629 | match=22552 not_found=20547 err=1
[14:53:02]   43150/55629 | match=22597 not_found=20552 err=1
[14:53:58]   43200/55629 | match=22645 not_found=20554 err=1
[14:54:54]   43250/55629 | match=22694 not_found=20555 err=1
[14:55:52]   43300/55629 | match=22742 not_found=20557 err=1
[14:56:47]   43350/55629 | match=22760 not_found=20589 err=1
[14:57:43]   43400/55629 | match=22796 not_found=20603 err=1
[14:58:39]   43450/55629 | match=22842 not_found=20607 err=1
[14:59:35]   43500/55629 | match=22884 not_found=20615 err=1
[15:02:44]   43550/55629 | match=22930 not_found=20619 err=1
[15:04:53]   43600/55629 | match=22980 not_found=20619 err=1
[15:05:46]   43650/55629 | match=23027 not_found=20622 err=1
[15:06:39]   43700/55629 | match=23071 not_found=20628 err=1
[15:07:34]   43750/55629 | match=23104 not_found=20645 err=1
[15:08:28]   43800/55629 | match=23144 not_found=20655 err=1
[15:09:25]   43850/55629 | match=23177 not_found=20672 err=1
[15:10:21]   43900/55629 | match=23222 not_found=20677 err=1
[15:11:17]   43950/55629 | match=23260 not_found=20689 err=1
[15:12:12]   44000/55629 | match=23292 not_found=20707 err=1
[15:13:08]   44050/55629 | match=23327 not_found=20722 err=1
[15:14:04]   44100/55629 | match=23339 not_found=20760 err=1
[15:15:15]   44150/55629 | match=23342 not_found=20807 err=1
[15:18:01]   44200/55629 | match=23342 not_found=20857 err=1
[15:18:48]   44250/55629 | match=23342 not_found=20907 err=1
[15:19:45]   44300/55629 | match=23342 not_found=20957 err=1
[15:20:44]   44350/55629 | match=23342 not_found=21007 err=1
[15:21:41]   44400/55629 | match=23342 not_found=21057 err=1
[15:22:38]   44450/55629 | match=23342 not_found=21107 err=1
[15:23:36]   44500/55629 | match=23342 not_found=21157 err=1
[15:24:31]   44550/55629 | match=23342 not_found=21207 err=1
[15:25:28]   44600/55629 | match=23342 not_found=21257 err=1
[15:26:24]   44650/55629 | match=23342 not_found=21307 err=1
[15:27:11]   44700/55629 | match=23342 not_found=21357 err=1
[15:28:05]   44750/55629 | match=23342 not_found=21407 err=1
[15:28:56]   44800/55629 | match=23342 not_found=21457 err=1
[15:29:56]   44850/55629 | match=23349 not_found=21500 err=1
[15:31:09]   44900/55629 | match=23381 not_found=21518 err=1
[15:32:04]   44950/55629 | match=23400 not_found=21549 err=1
[15:32:57]   45000/55629 | match=23419 not_found=21580 err=1
[15:33:56]   45050/55629 | match=23419 not_found=21630 err=1
[15:35:25]   45100/55629 | match=23419 not_found=21680 err=1
[15:36:17]   45150/55629 | match=23434 not_found=21715 err=1
[15:37:06]   45200/55629 | match=23440 not_found=21759 err=1
[15:38:02]   45250/55629 | match=23446 not_found=21803 err=1
[15:38:56]   45300/55629 | match=23449 not_found=21850 err=1
[15:39:53]   45350/55629 | match=23450 not_found=21899 err=1
[15:40:48]   45400/55629 | match=23456 not_found=21943 err=1
[15:41:45]   45450/55629 | match=23462 not_found=21987 err=1
[15:42:42]   45500/55629 | match=23470 not_found=22029 err=1
[15:43:38]   45550/55629 | match=23470 not_found=22079 err=1
[15:44:36]   45600/55629 | match=23483 not_found=22116 err=1
[15:46:01]   45650/55629 | match=23488 not_found=22161 err=1
[15:46:54]   45700/55629 | match=23488 not_found=22211 err=1
[15:47:50]   45750/55629 | match=23488 not_found=22261 err=1
[15:48:45]   45800/55629 | match=23494 not_found=22305 err=1
[15:49:34]   45850/55629 | match=23494 not_found=22355 err=1
[15:50:29]   45900/55629 | match=23497 not_found=22402 err=1
[15:51:25]   45950/55629 | match=23509 not_found=22440 err=1
[15:52:22]   46000/55629 | match=23523 not_found=22476 err=1
[15:53:20]   46050/55629 | match=23563 not_found=22486 err=1
[15:54:14]   46100/55629 | match=23611 not_found=22488 err=1
[15:55:11]   46150/55629 | match=23661 not_found=22488 err=1
[15:56:05]   46200/55629 | match=23706 not_found=22493 err=1
[15:57:00]   46250/55629 | match=23753 not_found=22496 err=1
[15:57:55]   46300/55629 | match=23802 not_found=22497 err=1
[15:58:50]   46350/55629 | match=23851 not_found=22498 err=1
[15:59:39]   46400/55629 | match=23899 not_found=22500 err=1
[16:02:57]   46450/55629 | match=23943 not_found=22506 err=1
[16:04:59]   46500/55629 | match=23993 not_found=22506 err=1
[16:05:56]   46550/55629 | match=24042 not_found=22507 err=1
[16:06:52]   46600/55629 | match=24085 not_found=22514 err=1
[16:07:48]   46650/55629 | match=24116 not_found=22533 err=1
[16:08:44]   46700/55629 | match=24162 not_found=22537 err=1
[16:09:38]   46750/55629 | match=24210 not_found=22539 err=1
[16:10:35]   46800/55629 | match=24257 not_found=22542 err=1
[16:11:30]   46850/55629 | match=24299 not_found=22550 err=1
[16:12:24]   46900/55629 | match=24344 not_found=22555 err=1
[16:13:19]   46950/55629 | match=24388 not_found=22561 err=1
[16:14:15]   47000/55629 | match=24422 not_found=22577 err=1
[16:15:18]   47050/55629 | match=24436 not_found=22613 err=1
[16:16:33]   47100/55629 | match=24475 not_found=22624 err=1
[16:17:35]   47150/55629 | match=24521 not_found=22628 err=1
[16:18:31]   47200/55629 | match=24559 not_found=22640 err=1
[16:19:27]   47250/55629 | match=24592 not_found=22657 err=1
[16:20:22]   47300/55629 | match=24627 not_found=22672 err=1
[16:21:16]   47350/55629 | match=24662 not_found=22687 err=1
[16:22:11]   47400/55629 | match=24672 not_found=22727 err=1
[16:23:07]   47450/55629 | match=24699 not_found=22750 err=1
[16:24:08]   47500/55629 | match=24748 not_found=22751 err=1
[16:25:01]   47550/55629 | match=24792 not_found=22757 err=1
[16:25:56]   47600/55629 | match=24840 not_found=22759 err=1
[16:26:50]   47650/55629 | match=24883 not_found=22766 err=1
[16:27:47]   47700/55629 | match=24893 not_found=22806 err=1
[16:28:44]   47750/55629 | match=24939 not_found=22810 err=1
[16:29:38]   47800/55629 | match=24988 not_found=22811 err=1
[16:30:51]   47850/55629 | match=25037 not_found=22812 err=1
[16:32:34]   47900/55629 | match=25076 not_found=22823 err=1
[16:33:36]   47950/55629 | match=25123 not_found=22826 err=1
[16:34:37]   48000/55629 | match=25169 not_found=22830 err=1
[16:35:52]   48050/55629 | match=25211 not_found=22838 err=1
[16:36:49]   48100/55629 | match=25252 not_found=22847 err=1
[16:37:43]   48150/55629 | match=25302 not_found=22847 err=1
[16:38:37]   48200/55629 | match=25348 not_found=22851 err=1
[16:39:33]   48250/55629 | match=25391 not_found=22858 err=1
[16:40:38]   48300/55629 | match=25433 not_found=22866 err=1
[16:41:33]   48350/55629 | match=25475 not_found=22874 err=1
[16:42:44]   48400/55629 | match=25519 not_found=22880 err=1
[16:43:40]   48450/55629 | match=25565 not_found=22884 err=1
[16:44:34]   48500/55629 | match=25597 not_found=22902 err=1
[16:45:47]   48550/55629 | match=25645 not_found=22904 err=1
[16:46:42]   48600/55629 | match=25694 not_found=22905 err=1
[16:47:36]   48650/55629 | match=25740 not_found=22909 err=1
[16:48:31]   48700/55629 | match=25761 not_found=22938 err=1
[16:49:27]   48750/55629 | match=25773 not_found=22976 err=1
[16:50:23]   48800/55629 | match=25798 not_found=23001 err=1
[16:51:19]   48850/55629 | match=25803 not_found=23046 err=1
[16:52:14]   48900/55629 | match=25808 not_found=23091 err=1
[16:53:13]   48950/55629 | match=25810 not_found=23139 err=1
[16:54:10]   49000/55629 | match=25810 not_found=23189 err=1
[16:55:07]   49050/55629 | match=25810 not_found=23239 err=1
[16:56:03]   49100/55629 | match=25814 not_found=23285 err=1
[16:57:00]   49150/55629 | match=25825 not_found=23324 err=1
[16:57:47]   49200/55629 | match=25825 not_found=23374 err=1
[16:58:42]   49250/55629 | match=25830 not_found=23419 err=1
[16:59:48]   49300/55629 | match=25830 not_found=23469 err=1
[17:02:52]   49350/55629 | match=25830 not_found=23519 err=1
[17:04:47]   49400/55629 | match=25842 not_found=23557 err=1
[17:05:44]   49450/55629 | match=25842 not_found=23607 err=1
[17:06:41]   49500/55629 | match=25842 not_found=23657 err=1
[17:07:34]   49550/55629 | match=25842 not_found=23707 err=1
[17:08:24]   49600/55629 | match=25874 not_found=23725 err=1
[17:09:27]   49650/55629 | match=25881 not_found=23768 err=1
[17:10:29]   49700/55629 | match=25888 not_found=23811 err=1
[17:11:27]   49750/55629 | match=25898 not_found=23851 err=1
[17:12:24]   49800/55629 | match=25921 not_found=23878 err=1
[17:13:20]   49850/55629 | match=25953 not_found=23896 err=1
[17:14:15]   49900/55629 | match=25954 not_found=23945 err=1
[17:15:22]   49950/55629 | match=25963 not_found=23986 err=1
[17:16:08]   50000/55629 | match=25971 not_found=24028 err=1
[17:17:25]   50050/55629 | match=26020 not_found=24029 err=1
[17:18:38]   50100/55629 | match=26031 not_found=24068 err=1
[17:19:17]   50150/55629 | match=26060 not_found=24089 err=1
[17:20:32]   50200/55629 | match=26104 not_found=24095 err=1
[17:21:29]   50250/55629 | match=26139 not_found=24110 err=1
[17:22:27]   50300/55629 | match=26181 not_found=24118 err=1
[17:23:21]   50350/55629 | match=26227 not_found=24122 err=1
[17:24:18]   50400/55629 | match=26273 not_found=24126 err=1
[17:25:15]   50450/55629 | match=26319 not_found=24130 err=1
[17:25:59]   50500/55629 | match=26367 not_found=24132 err=1
[17:26:56]   50550/55629 | match=26408 not_found=24141 err=1
[17:27:52]   50600/55629 | match=26446 not_found=24153 err=1
[17:28:49]   50650/55629 | match=26492 not_found=24157 err=1
[17:29:44]   50700/55629 | match=26504 not_found=24195 err=1
[17:30:50]   50750/55629 | match=26518 not_found=24231 err=1
[17:31:46]   50800/55629 | match=26550 not_found=24249 err=1
[17:32:40]   50850/55629 | match=26555 not_found=24294 err=1
[17:33:36]   50900/55629 | match=26567 not_found=24332 err=1
[17:34:28]   50950/55629 | match=26612 not_found=24337 err=1
[17:35:41]   51000/55629 | match=26655 not_found=24344 err=1
[17:36:35]   51050/55629 | match=26697 not_found=24352 err=1
[17:37:39]   51100/55629 | match=26740 not_found=24359 err=1
[17:38:36]   51150/55629 | match=26777 not_found=24372 err=1
[17:39:38]   51200/55629 | match=26818 not_found=24381 err=1
[17:40:48]   51250/55629 | match=26862 not_found=24387 err=1
[17:41:44]   51300/55629 | match=26910 not_found=24389 err=1
[17:42:40]   51350/55629 | match=26935 not_found=24414 err=1
[17:43:30]   51400/55629 | match=26978 not_found=24421 err=1
[17:44:31]   51450/55629 | match=27000 not_found=24449 err=1
[17:45:51]   51500/55629 | match=27047 not_found=24452 err=1
[17:46:57]   51550/55629 | match=27091 not_found=24458 err=1
[17:47:53]   51600/55629 | match=27140 not_found=24459 err=1
[17:48:47]   51650/55629 | match=27190 not_found=24459 err=1
[17:49:40]   51700/55629 | match=27240 not_found=24459 err=1
[17:50:35]   51750/55629 | match=27288 not_found=24461 err=1
[17:51:31]   51800/55629 | match=27334 not_found=24465 err=1
[17:53:02]   51850/55629 | match=27380 not_found=24469 err=1
[17:55:05]   51900/55629 | match=27425 not_found=24474 err=1
[17:56:01]   51950/55629 | match=27473 not_found=24476 err=1
[17:56:57]   52000/55629 | match=27517 not_found=24482 err=1
[17:57:45]   52050/55629 | match=27563 not_found=24486 err=1
[17:58:35]   52100/55629 | match=27607 not_found=24492 err=1
[17:59:32]   52150/55629 | match=27656 not_found=24493 err=1
[18:02:46]   52200/55629 | match=27701 not_found=24498 err=1
[18:04:29]   52250/55629 | match=27746 not_found=24503 err=1
[18:05:25]   52300/55629 | match=27793 not_found=24506 err=1
[18:06:21]   52350/55629 | match=27833 not_found=24516 err=1
[18:07:17]   52400/55629 | match=27878 not_found=24521 err=1
[18:08:12]   52450/55629 | match=27926 not_found=24523 err=1
[18:08:58]   52500/55629 | match=27947 not_found=24552 err=1
[18:09:51]   52550/55629 | match=27947 not_found=24602 err=1
[18:10:48]   52600/55629 | match=27947 not_found=24652 err=1
[18:11:44]   52650/55629 | match=27947 not_found=24702 err=1
[18:12:54]   52700/55629 | match=27973 not_found=24726 err=1
[18:14:19]   52750/55629 | match=28010 not_found=24739 err=1
[18:15:28]   52800/55629 | match=28031 not_found=24768 err=1
[18:16:32]   52850/55629 | match=28056 not_found=24793 err=1
[18:17:27]   52900/55629 | match=28067 not_found=24832 err=1
[18:18:22]   52950/55629 | match=28107 not_found=24842 err=1
[18:19:16]   53000/55629 | match=28150 not_found=24849 err=1
[18:20:11]   53050/55629 | match=28170 not_found=24879 err=1
[18:21:05]   53100/55629 | match=28194 not_found=24905 err=1
[18:22:00]   53150/55629 | match=28244 not_found=24905 err=1
[18:22:56]   53200/55629 | match=28294 not_found=24905 err=1
[18:23:55]   53250/55629 | match=28337 not_found=24912 err=1
[18:24:48]   53300/55629 | match=28375 not_found=24924 err=1
[18:25:52]   53350/55629 | match=28405 not_found=24944 err=1
[18:26:57]   53400/55629 | match=28408 not_found=24991 err=1
[18:27:51]   53450/55629 | match=28408 not_found=25041 err=1
[18:28:44]   53500/55629 | match=28409 not_found=25090 err=1
[18:29:39]   53550/55629 | match=28409 not_found=25140 err=1
[18:30:49]   53600/55629 | match=28409 not_found=25190 err=1
[18:32:52]   53650/55629 | match=28409 not_found=25240 err=1
[18:33:59]   53700/55629 | match=28410 not_found=25289 err=1
[18:35:08]   53750/55629 | match=28429 not_found=25320 err=1
[18:36:31]   53800/55629 | match=28473 not_found=25326 err=1
[18:37:27]   53850/55629 | match=28503 not_found=25346 err=1
[18:38:23]   53900/55629 | match=28531 not_found=25368 err=1
[18:39:10]   53950/55629 | match=28567 not_found=25382 err=1
[18:40:09]   54000/55629 | match=28612 not_found=25387 err=1
[18:41:02]   54050/55629 | match=28620 not_found=25429 err=1
[18:41:58]   54100/55629 | match=28622 not_found=25477 err=1
[18:42:54]   54150/55629 | match=28622 not_found=25527 err=1
[18:43:50]   54200/55629 | match=28622 not_found=25577 err=1
[18:44:47]   54250/55629 | match=28628 not_found=25621 err=1
[18:46:03]   54300/55629 | match=28644 not_found=25655 err=1
[18:46:58]   54350/55629 | match=28647 not_found=25702 err=1
[18:47:53]   54400/55629 | match=28648 not_found=25751 err=1
[18:48:48]   54450/55629 | match=28649 not_found=25800 err=1
[18:49:40]   54500/55629 | match=28656 not_found=25843 err=1
[18:50:41]   54550/55629 | match=28658 not_found=25891 err=1
[18:51:36]   54600/55629 | match=28662 not_found=25937 err=1
[18:52:33]   54650/55629 | match=28662 not_found=25987 err=1
[18:53:29]   54700/55629 | match=28662 not_found=26037 err=1
[18:54:31]   54750/55629 | match=28662 not_found=26087 err=1
[18:55:45]   54800/55629 | match=28663 not_found=26136 err=1
[18:56:55]   54850/55629 | match=28664 not_found=26185 err=1
[18:57:52]   54900/55629 | match=28664 not_found=26235 err=1
[18:58:47]   54950/55629 | match=28664 not_found=26285 err=1
[18:59:46]   55000/55629 | match=28664 not_found=26335 err=1
[19:03:35]   55050/55629 | match=28664 not_found=26385 err=1
[19:05:51]   55100/55629 | match=28664 not_found=26435 err=1
[19:06:42]   55150/55629 | match=28664 not_found=26485 err=1
[19:07:39]   55200/55629 | match=28674 not_found=26525 err=1
[19:08:46]   55250/55629 | match=28723 not_found=26526 err=1
[19:09:39]   55300/55629 | match=28767 not_found=26532 err=1
[19:10:48]   55350/55629 | match=28809 not_found=26540 err=1
[19:11:43]   55400/55629 | match=28847 not_found=26552 err=1
[19:12:36]   55450/55629 | match=28885 not_found=26564 err=1
[19:13:30]   55500/55629 | match=28918 not_found=26581 err=1
[19:14:24]   55550/55629 | match=28959 not_found=26590 err=1
[19:15:29]   55600/55629 | match=28997 not_found=26602 err=1
[19:16:06] ======================================================================
[19:16:06] RESUMEN
[19:16:06]   Procesados:   55629
[19:16:06]   Match Syscom: 29023  ← supplierinfo creadas
[19:16:06]   Not found:    26605
[19:16:06]   Errores:      1
[19:16:06] ======================================================================
[19:16:06] ======================================================================
