[14:18:58] ======================================================================
[14:18:58] INGRAM → Odoo Sync (dry_run=False, limit=50, vendor=None)
[14:18:58] ======================================================================
[14:18:58] TC USD/MXN = 17.4964 (fuente: er-api)
[14:18:58] Conectado a Odoo UID=2
[14:18:58] Precargando SKUs de Odoo...
[14:22:34]   50923 SKUs cargados
[14:22:34] Pagina 1 (size=100, vendor=*)
[14:22:36]   100 items en pagina (total=10000, paginas=100)
[14:22:36]   ERROR procesando item: <Fault 2: 'This file could not be decoded as an image file.'>
[14:22:37]   ERROR procesando item: <Fault 2: 'This file could not be decoded as an image file.'>
[14:22:49]   ERROR procesando item: <Fault 2: 'This file could not be decoded as an image file.'>
[14:22:52]   ERROR procesando item: <Fault 2: 'This file could not be decoded as an image file.'>
[14:22:53]   ERROR procesando item: <Fault 2: 'This file could not be decoded as an image file.'>
[14:23:06]   ERROR procesando item: <Fault 2: 'This file could not be decoded as an image file.'>
[14:23:09]   ERROR procesando item: <Fault 2: 'This file could not be decoded as an image file.'>
[14:23:10]   ERROR procesando item: <Fault 2: 'This file could not be decoded as an image file.'>
[14:23:10]   ERROR procesando item: <Fault 2: 'This file could not be decoded as an image file.'>
[14:23:10]   ERROR procesando item: <Fault 2: 'This file could not be decoded as an image file.'>
[14:23:12]   ERROR procesando item: <Fault 2: 'This file could not be decoded as an image file.'>
[14:23:16]   ERROR procesando item: <Fault 2: 'This file could not be decoded as an image file.'>
[14:23:18]   ERROR procesando item: <Fault 2: 'This file could not be decoded as an image file.'>
[14:23:20]   ERROR procesando item: <Fault 2: 'This file could not be decoded as an image file.'>
[14:23:24]   ERROR procesando item: <Fault 2: 'This file could not be decoded as an image file.'>
[14:23:24]   ERROR procesando item: <Fault 2: 'This file could not be decoded as an image file.'>
[14:23:28]   ERROR procesando item: <Fault 2: 'This file could not be decoded as an image file.'>
[14:23:28]   ERROR procesando item: <Fault 2: 'This file could not be decoded as an image file.'>
[14:23:30]   ERROR procesando item: <Fault 2: 'This file could not be decoded as an image file.'>
[14:23:30]   ERROR procesando item: <Fault 2: 'This file could not be decoded as an image file.'>
[14:23:30]   ERROR procesando item: <Fault 2: 'This file could not be decoded as an image file.'>
[14:23:31]   ERROR procesando item: <Fault 2: 'This file could not be decoded as an image file.'>
[14:23:36]   ERROR procesando item: <Fault 2: 'This file could not be decoded as an image file.'>
[14:23:36]   ERROR procesando item: <Fault 2: 'This file could not be decoded as an image file.'>
[14:23:37]   ERROR procesando item: <Fault 2: 'This file could not be decoded as an image file.'>
[14:23:40]   ERROR procesando item: <Fault 2: 'This file could not be decoded as an image file.'>
[14:23:40]   ERROR procesando item: <Fault 2: 'This file could not be decoded as an image file.'>
[14:23:41]   ERROR procesando item: <Fault 2: 'This file could not be decoded as an image file.'>
[14:23:41]   ERROR procesando item: <Fault 2: 'This file could not be decoded as an image file.'>
[14:23:41]   ERROR procesando item: <Fault 2: 'This file could not be decoded as an image file.'>
[14:23:42]   ERROR procesando item: <Fault 2: 'This file could not be decoded as an image file.'>
[14:23:43]   ERROR procesando item: <Fault 2: 'This file could not be decoded as an image file.'>
[14:23:43]   ERROR procesando item: <Fault 2: 'This file could not be decoded as an image file.'>
[14:23:44]   ERROR procesando item: <Fault 2: 'This file could not be decoded as an image file.'>
[14:23:44]   ERROR procesando item: <Fault 2: 'This file could not be decoded as an image file.'>
[14:23:48]   ERROR procesando item: <Fault 2: 'This file could not be decoded as an image file.'>
[14:23:48]   ERROR procesando item: <Fault 2: 'This file could not be decoded as an image file.'>
[14:23:51]   ERROR procesando item: <Fault 2: 'This file could not be decoded as an image file.'>
[14:23:52]   ERROR procesando item: <Fault 2: 'This file could not be decoded as an image file.'>
[14:24:01]   ERROR procesando item: <Fault 2: 'This file could not be decoded as an image file.'>
[14:24:01]   ERROR procesando item: <Fault 2: 'This file could not be decoded as an image file.'>
[14:24:01]   ERROR procesando item: <Fault 2: 'This file could not be decoded as an image file.'>
[14:24:04]   ERROR procesando item: <Fault 2: 'This file could not be decoded as an image file.'>
[14:24:04]   ERROR procesando item: <Fault 2: 'This file could not be decoded as an image file.'>
[14:24:05]   ERROR procesando item: <Fault 2: 'This file could not be decoded as an image file.'>
[14:24:06]   ERROR procesando item: <Fault 2: 'This file could not be decoded as an image file.'>
[14:24:07]   ERROR procesando item: <Fault 2: 'This file could not be decoded as an image file.'>
[14:24:07]   ERROR procesando item: <Fault 2: 'This file could not be decoded as an image file.'>
[14:24:07]   ERROR procesando item: <Fault 2: 'This file could not be decoded as an image file.'>
[14:24:08]   ERROR procesando item: <Fault 2: 'This file could not be decoded as an image file.'>
[14:24:15]   ERROR procesando item: <Fault 2: 'This file could not be decoded as an image file.'>
[14:24:19] Pagina 2 (size=100, vendor=*)
[14:24:21]   100 items en pagina (total=10000, paginas=100)
[14:24:22] Limite de 50 alcanzado, deteniendo.
[14:24:22] ======================================================================
[14:24:22] RESUMEN
[14:24:22]   Procesados:    50
[14:24:22]   Nuevos:        7
[14:24:22]   Actualizados:  43
[14:24:22]   Sin precio:    0
[14:24:22]   Sin SKU:       0
[14:24:22]   Errores:       51
[14:24:22] ======================================================================
