[14:08:47] ======================================================================
[14:08:47] INGRAM → Odoo Sync (dry_run=True, limit=5, vendor=None)
[14:08:47] ======================================================================
[14:08:47] TC USD/MXN = 17.4964 (fuente: er-api)
[14:08:47] Conectado a Odoo UID=2
[14:08:47] Precargando SKUs de Odoo...
[14:12:22]   50923 SKUs cargados
[14:12:22] Pagina 1 (size=100, vendor=*)
[14:12:24]   100 items en pagina (total=10000, paginas=100)
[14:12:24]   [DRY] NEW J17000A VPN=26599-999-999 Jabra cost=$213.68USD=3738.64MXN online=5117.45 stock=752
[14:12:24]   [DRY] UPD 91400EJ VPN=981-000060 Logitech cost=$28.86USD=504.95MXN online=691.17 stock=2370
[14:12:24]   [DRY] UPD 0B17018 VPN=62F7KAR4LA Lenovo cost=$125.40USD=2194.05MXN online=2850.51 stock=910
[14:12:24]   [DRY] UPD 30000RO VPN=PA503S-2 Viewsonic cost=$303.34USD=5307.37MXN online=6772.20 stock=624
[14:12:24]   [DRY] UPD 91400GH VPN=981-000612 Logitech cost=$11.38USD=199.11MXN online=272.54 stock=359
[14:12:24] Limite de 5 alcanzado, deteniendo.
[14:12:24] ======================================================================
[14:12:24] RESUMEN
[14:12:24]   Procesados:    5
[14:12:24]   Nuevos:        1
[14:12:24]   Actualizados:  4
[14:12:24]   Sin precio:    0
[14:12:24]   Sin SKU:       0
[14:12:24]   Errores:       0
[14:12:24] ======================================================================
