[14:01:13] ======================================================================
[14:01:13] INGRAM → Odoo Sync (dry_run=True, limit=5, vendor=None)
[14:01:13] ======================================================================
[14:01:14]   Token OAuth refrescado (expira en 3600s)
[14:01:14] TC USD/MXN = 17.4964 (fuente: er-api)
[14:01:15] Conectado a Odoo UID=2
[14:01:15] Precargando SKUs de Odoo...
[14:05:36]   50923 SKUs cargados
[14:05:36] Pagina 1 (size=100, vendor=*)
[14:06:22]   ERROR busqueda Ingram: The read operation timed out
[14:07:12]   ERROR busqueda Ingram: The read operation timed out
[14:07:37]   ERROR busqueda Ingram: [Errno 60] Operation timed out
[14:07:42] ======================================================================
[14:07:42] RESUMEN
[14:07:42]   Procesados:    0
[14:07:42]   Nuevos:        0
[14:07:42]   Actualizados:  0
[14:07:42]   Sin precio:    0
[14:07:42]   Sin SKU:       0
[14:07:42]   Errores:       1
[14:07:42] ======================================================================
