[2026-05-05 06:00:02] ════════════════════════════════════════════════════════════════════════
[2026-05-05 06:00:02] 1/2 — CT → Odoo (modo --diff)
[2026-05-05 06:00:02] ════════════════════════════════════════════════════════════════════════
[2026-05-05 10:18:18] CT exit=0  log=/Users/ingfelipe/syscom-odoo-sync/logs/ct_diff_20260505_0600.log
[2026-05-05 10:18:18]   CT  proc= 5992 new=  63 chg=  89 unchanged= 5665 err=0
[2026-05-05 10:18:18] 
[2026-05-05 10:18:18] ════════════════════════════════════════════════════════════════════════
[2026-05-05 10:18:18] 2/3 — Ingram → Odoo (modo --diff)
[2026-05-05 10:18:18] ════════════════════════════════════════════════════════════════════════
[2026-05-05 10:18:19] Ingram exit=0  log=/Users/ingfelipe/syscom-odoo-sync/logs/ingram_diff_20260505_0600.log
[2026-05-05 10:18:19]   ING proc=10000 new=6130 chg=   0 unchanged=    0 err=0
[2026-05-05 10:18:19] 
[2026-05-05 10:18:19] ════════════════════════════════════════════════════════════════════════
[2026-05-05 10:18:19] 3/3 — Exel del Norte → Odoo (modo --diff)
[2026-05-05 10:18:19] ════════════════════════════════════════════════════════════════════════
[2026-05-05 10:18:19] Colectando SKUs Exel + refrescando cookies (Playwright)...
[2026-05-05 11:51:31] Collect Exel exit=0
[2026-05-05 12:44:52] Exel sync exit=0  log=/Users/ingfelipe/syscom-odoo-sync/logs/exel_diff_20260505_0600.log
[2026-05-05 12:44:52]   EXE proc= 4920 new=  47 chg=  69 unchanged= 2794 err=0
[2026-05-05 12:44:52] 
[2026-05-05 12:44:52] ════════════════════════════════════════════════════════════════════════
[2026-05-05 12:44:53] Orquestador terminado
[2026-05-05 12:44:53] ════════════════════════════════════════════════════════════════════════
[2026-05-06 06:00:03] ════════════════════════════════════════════════════════════════════════
[2026-05-06 06:00:03] 1/2 — CT → Odoo (modo --diff)
[2026-05-06 06:00:03] ════════════════════════════════════════════════════════════════════════
[2026-05-06 06:11:22] CT exit=0  log=/Users/ingfelipe/syscom-odoo-sync/logs/ct_diff_20260506_0600.log
[2026-05-06 06:11:23]   CT  proc= 6046 new=  44 chg= 124 unchanged= 5676 err=0
[2026-05-06 06:11:23] 
[2026-05-06 06:11:23] ════════════════════════════════════════════════════════════════════════
[2026-05-06 06:11:23] 2/3 — Ingram → Odoo (modo --diff)
[2026-05-06 06:11:23] ════════════════════════════════════════════════════════════════════════
[2026-05-06 06:11:24] Ingram exit=0  log=/Users/ingfelipe/syscom-odoo-sync/logs/ingram_diff_20260506_0600.log
[2026-05-06 06:11:24]   ING proc=10000 new= 110 chg=1367 unchanged= 8178 err=0
[2026-05-06 06:11:24] 
[2026-05-06 06:11:24] ════════════════════════════════════════════════════════════════════════
[2026-05-06 06:11:24] 3/3 — Exel del Norte → Odoo (modo --diff)
[2026-05-06 06:11:24] ════════════════════════════════════════════════════════════════════════
[2026-05-06 06:11:24] Colectando SKUs Exel + refrescando cookies (Playwright)...
[2026-05-06 07:45:07] Collect Exel exit=0
[2026-05-06 08:41:27] Exel sync exit=0  log=/Users/ingfelipe/syscom-odoo-sync/logs/exel_diff_20260506_0600.log
[2026-05-06 08:41:27]   EXE proc= 4956 new=  71 chg=   8 unchanged= 2871 err=0
[2026-05-06 08:41:27] 
[2026-05-06 08:41:27] ════════════════════════════════════════════════════════════════════════
[2026-05-06 08:41:27] Orquestador terminado
[2026-05-06 08:41:27] ════════════════════════════════════════════════════════════════════════
[2026-05-07 06:00:02] ════════════════════════════════════════════════════════════════════════
[2026-05-07 06:00:02] 1/2 — CT → Odoo (modo --diff)
[2026-05-07 06:00:02] ════════════════════════════════════════════════════════════════════════
[2026-05-07 07:21:37] CT exit=0  log=/Users/ingfelipe/syscom-odoo-sync/logs/ct_diff_20260507_0600.log
[2026-05-07 07:21:38]   CT  proc= 6040 new=  27 chg=2914 unchanged= 3018 err=0
[2026-05-07 07:21:38] 
[2026-05-07 07:21:38] ════════════════════════════════════════════════════════════════════════
[2026-05-07 07:21:38] 2/3 — Ingram → Odoo (modo --diff)
[2026-05-07 07:21:38] ════════════════════════════════════════════════════════════════════════
[2026-05-07 07:21:38] Ingram exit=0  log=/Users/ingfelipe/syscom-odoo-sync/logs/ingram_diff_20260507_0600.log
[2026-05-07 07:21:38]   ING proc=10000 new= 110 chg=1367 unchanged= 8178 err=0
[2026-05-07 07:21:38] 
[2026-05-07 07:21:38] ════════════════════════════════════════════════════════════════════════
[2026-05-07 07:21:38] 3/3 — Exel del Norte → Odoo (modo --diff)
[2026-05-07 07:21:38] ════════════════════════════════════════════════════════════════════════
[2026-05-07 07:21:38] Colectando SKUs Exel + refrescando cookies (Playwright)...
[2026-05-07 08:53:55] Collect Exel exit=0
[2026-05-07 10:03:21] Exel sync exit=0  log=/Users/ingfelipe/syscom-odoo-sync/logs/exel_diff_20260507_0600.log
[2026-05-07 10:03:21]   EXE proc= 4923 new=  31 chg=1157 unchanged= 1709 err=0
[2026-05-07 10:03:21] 
[2026-05-07 10:03:21] ════════════════════════════════════════════════════════════════════════
[2026-05-07 10:03:21] Orquestador terminado
[2026-05-07 10:03:21] ════════════════════════════════════════════════════════════════════════
